"../../../../Github/SuperMommyDuck_Project/SuperMommyDuck_Unreal/Content/Assets/body.uasset" 0
"../../../../Github/SuperMommyDuck_Project/SuperMommyDuck_Unreal/Content/Assets/Material__133.uasset" 1
"../../../../Github/SuperMommyDuck_Project/SuperMommyDuck_Unreal/Content/Assets/lip.uasset" 2
"../../../../Github/SuperMommyDuck_Project/SuperMommyDuck_Unreal/Content/Assets/Material__134.uasset" 3
"../../../../Github/SuperMommyDuck_Project/SuperMommyDuck_Unreal/Content/Assets/foot.uasset" 4
"../../../../Github/SuperMommyDuck_Project/SuperMommyDuck_Unreal/Content/Assets/Material__146.uasset" 5
"../../../../Github/SuperMommyDuck_Project/SuperMommyDuck_Unreal/Content/Assets/Material__27.uasset" 6
"../../../../Github/SuperMommyDuck_Project/SuperMommyDuck_Unreal/Content/Assets/eye.uasset" 7
"../../../../Github/SuperMommyDuck_Project/SuperMommyDuck_Unreal/Content/Assets/Material__28.uasset" 8
"../../../../Github/SuperMommyDuck_Project/SuperMommyDuck_Unreal/Content/Assets/Material__75.uasset" 9
"../../../../Github/SuperMommyDuck_Project/SuperMommyDuck_Unreal/Content/Assets/Duck.uasset" 10
"../../../../Github/SuperMommyDuck_Project/SuperMommyDuck_Unreal/Content/Assets/DUCKPED_Skeleton.uasset" 11
"../../../../Github/SuperMommyDuck_Project/SuperMommyDuck_Unreal/Content/Assets/konnn.uasset" 12
"../../../../Github/SuperMommyDuck_Project/SuperMommyDuck_Unreal/Content/Assets/pak.uasset" 13
"../../../../Github/SuperMommyDuck_Project/SuperMommyDuck_Unreal/Content/Assets/taa.uasset" 14
"../../../../Github/SuperMommyDuck_Project/SuperMommyDuck_Unreal/Content/Assets/DUCKJUM_PhysicsAsset.uasset" 15
"../../../../Github/SuperMommyDuck_Project/SuperMommyDuck_Unreal/Content/Assets/aiStandardSurface3.uasset" 16
"../../../../Github/SuperMommyDuck_Project/SuperMommyDuck_Unreal/Content/Assets/DUCKJUM.uasset" 17
"../../../../Github/SuperMommyDuck_Project/SuperMommyDuck_Unreal/Content/Assets/DUCKPED_PhysicsAsset.uasset" 18
"../../../../Github/SuperMommyDuck_Project/SuperMommyDuck_Unreal/Content/Assets/DUCKPED.uasset" 19
"../../../../Github/SuperMommyDuck_Project/SuperMommyDuck_Unreal/Content/Assets/T_Grate_1_Bars_BaseColor.uasset" 20
"../../../../Github/SuperMommyDuck_Project/SuperMommyDuck_Unreal/Content/Assets/lambert7.uasset" 21
"../../../../Github/SuperMommyDuck_Project/SuperMommyDuck_Unreal/Content/Assets/gate2.uasset" 22
"../../../../Github/SuperMommyDuck_Project/SuperMommyDuck_Unreal/Content/Assets/lambert2SG.uasset" 23
"../../../../Github/SuperMommyDuck_Project/SuperMommyDuck_Unreal/Content/Assets/lambert3SG.uasset" 24
"../../../../Github/SuperMommyDuck_Project/SuperMommyDuck_Unreal/Content/Assets/kuliya.uasset" 25
"../../../../Github/SuperMommyDuck_Project/SuperMommyDuck_Unreal/Content/Assets/lambert5.uasset" 26
"../../../../Github/SuperMommyDuck_Project/SuperMommyDuck_Unreal/Content/Assets/sewer_level_sp_pCube41.uasset" 27
"../../../../Github/SuperMommyDuck_Project/SuperMommyDuck_Unreal/Content/Blueprint/cutscene.uasset" 28
"../../../Engine/Content/Animation/DefaultAnimBoneCompressionSettings.uasset" 29
"../../../Engine/Content/Animation/DefaultAnimCurveCompressionSettings.uasset" 30
"../../../../Github/SuperMommyDuck_Project/SuperMommyDuck_Unreal/Content/Assets/DUCKIDLE_Anim.uasset" 31
"../../../../Github/SuperMommyDuck_Project/SuperMommyDuck_Unreal/Content/Assets/DUCKJUM_Anim.uasset" 32
"../../../../Github/SuperMommyDuck_Project/SuperMommyDuck_Unreal/Content/Assets/DUCKPED_Anim.uasset" 33
"../../../../Github/SuperMommyDuck_Project/SuperMommyDuck_Unreal/Content/Assets/PED.uasset" 34
"../../../../Github/SuperMommyDuck_Project/SuperMommyDuck_Unreal/Content/Assets/DUCKANIM.uasset" 35
"../../../../Github/SuperMommyDuck_Project/SuperMommyDuck_Unreal/Content/Assets/DUCKIDLE_PhysicsAsset.uasset" 36
"../../../../Github/SuperMommyDuck_Project/SuperMommyDuck_Unreal/Content/Assets/DUCKIDLE.uasset" 37
"../../../../Github/SuperMommyDuck_Project/SuperMommyDuck_Unreal/Content/Widget/PauseMenu.uasset" 38
"../../../../Github/SuperMommyDuck_Project/SuperMommyDuck_Unreal/Content/Widget/GUI.uasset" 39
"../../../Engine/Content/EditorBlueprintResources/StandardMacros.uasset" 40
"../../../../Github/SuperMommyDuck_Project/SuperMommyDuck_Unreal/Content/Widget/GameOver.uasset" 41
"../../../../Github/SuperMommyDuck_Project/SuperMommyDuck_Unreal/Content/Blueprint/Duck.uasset" 42
"../../../../Github/SuperMommyDuck_Project/SuperMommyDuck_Unreal/Content/Assets/NANGHERE.uasset" 43
"../../../../Github/SuperMommyDuck_Project/SuperMommyDuck_Unreal/Content/Assets/TONGHERE.uasset" 44
"../../../../Github/SuperMommyDuck_Project/SuperMommyDuck_Unreal/Content/Assets/here2_PhysicsAsset.uasset" 45
"../../../../Github/SuperMommyDuck_Project/SuperMommyDuck_Unreal/Content/Assets/here2_Skeleton.uasset" 46
"../../../../Github/SuperMommyDuck_Project/SuperMommyDuck_Unreal/Content/Assets/here2.uasset" 47
"../../../../Github/SuperMommyDuck_Project/SuperMommyDuck_Unreal/Content/Assets/here2_Anim.uasset" 48
"../../../../Github/SuperMommyDuck_Project/SuperMommyDuck_Unreal/Content/Music/benny-hill.uasset" 49
"../../../../Github/SuperMommyDuck_Project/SuperMommyDuck_Unreal/Content/Blueprint/Boss.uasset" 50
"../../../../Github/SuperMommyDuck_Project/SuperMommyDuck_Unreal/Content/Blueprint/SewerBoss.uasset" 51
"../../../../Github/SuperMommyDuck_Project/SuperMommyDuck_Unreal/Content/Assets/rigrat_Skeleton.uasset" 52
"../../../../Github/SuperMommyDuck_Project/SuperMommyDuck_Unreal/Content/Assets/rigrat_PhysicsAsset.uasset" 53
"../../../../Github/SuperMommyDuck_Project/SuperMommyDuck_Unreal/Content/Assets/skinrat.uasset" 54
"../../../../Github/SuperMommyDuck_Project/SuperMommyDuck_Unreal/Content/Assets/rateye.uasset" 55
"../../../../Github/SuperMommyDuck_Project/SuperMommyDuck_Unreal/Content/Assets/lambert4.uasset" 56
"../../../../Github/SuperMommyDuck_Project/SuperMommyDuck_Unreal/Content/Assets/rigrat.uasset" 57
"../../../../Github/SuperMommyDuck_Project/SuperMommyDuck_Unreal/Content/Blueprint/Rats/rat7.uasset" 58
"../../../../Github/SuperMommyDuck_Project/SuperMommyDuck_Unreal/Content/Blueprint/Rats/rat8.uasset" 59
"../../../../Github/SuperMommyDuck_Project/SuperMommyDuck_Unreal/Content/Mannequin/Character/Mesh/UE4_Mannequin_Skeleton.uasset" 60
"../../../../Github/SuperMommyDuck_Project/SuperMommyDuck_Unreal/Content/Mannequin/Animations/ThirdPersonJump_End.uasset" 61
"../../../../Github/SuperMommyDuck_Project/SuperMommyDuck_Unreal/Content/Mannequin/Character/Mesh/SK_Mannequin_Female_PhysicsAsset.uasset" 62
"../../../../Github/SuperMommyDuck_Project/SuperMommyDuck_Unreal/Content/Mannequin/Character/Textures/T_UE4Logo_N.uasset" 63
"../../../../Github/SuperMommyDuck_Project/SuperMommyDuck_Unreal/Content/Mannequin/Character/Textures/T_UE4Logo_Mask.uasset" 64
"../../../../Github/SuperMommyDuck_Project/SuperMommyDuck_Unreal/Content/Mannequin/Character/Textures/T_Male_N.uasset" 65
"../../../../Github/SuperMommyDuck_Project/SuperMommyDuck_Unreal/Content/Mannequin/Character/Textures/T_Male_Mask.uasset" 66
"../../../../Github/SuperMommyDuck_Project/SuperMommyDuck_Unreal/Content/Mannequin/Character/Materials/MaterialLayers/T_ML_Rubber_Blue_01_N.uasset" 67
"../../../../Github/SuperMommyDuck_Project/SuperMommyDuck_Unreal/Content/Mannequin/Character/Materials/MaterialLayers/T_ML_Rubber_Blue_01_D.uasset" 68
"../../../../Github/SuperMommyDuck_Project/SuperMommyDuck_Unreal/Content/Mannequin/Character/Materials/MaterialLayers/T_ML_Aluminum01_N.uasset" 69
"../../../../Github/SuperMommyDuck_Project/SuperMommyDuck_Unreal/Content/Mannequin/Character/Materials/MaterialLayers/T_ML_Aluminum01.uasset" 70
"../../../../Github/SuperMommyDuck_Project/SuperMommyDuck_Unreal/Content/Mannequin/Character/Materials/MaterialLayers/ML_SoftMetal_UE4.uasset" 71
"../../../../Github/SuperMommyDuck_Project/SuperMommyDuck_Unreal/Content/Mannequin/Character/Materials/MaterialLayers/ML_Plastic_Shiny_Beige_LOGO.uasset" 72
"../../../../Github/SuperMommyDuck_Project/SuperMommyDuck_Unreal/Content/Mannequin/Character/Materials/MaterialLayers/ML_Plastic_Shiny_Beige.uasset" 73
"../../../../Github/SuperMommyDuck_Project/SuperMommyDuck_Unreal/Content/Mannequin/Character/Materials/MaterialLayers/ML_GlossyBlack_Latex_UE4.uasset" 74
"../../../Engine/Content/Functions/MaterialLayerFunctions/MatLayerBlend_Simple.uasset" 75
"../../../Engine/Content/Functions/Engine_MaterialFunctions02/Utility/BlendAngleCorrectedNormals.uasset" 76
"../../../Engine/Content/Functions/MaterialLayerFunctions/MatLayerBlend_NormalBlend.uasset" 77
"../../../../Github/SuperMommyDuck_Project/SuperMommyDuck_Unreal/Content/Mannequin/Character/Materials/M_Male_Body.uasset" 78
"../../../../Github/SuperMommyDuck_Project/SuperMommyDuck_Unreal/Content/Mannequin/Character/Materials/M_UE4Man_ChestLogo.uasset" 79
"../../../../Github/SuperMommyDuck_Project/SuperMommyDuck_Unreal/Content/Mannequin/Character/Textures/T_Female_N.uasset" 80
"../../../../Github/SuperMommyDuck_Project/SuperMommyDuck_Unreal/Content/Mannequin/Character/Textures/T_Female_Mask.uasset" 81
"../../../../Github/SuperMommyDuck_Project/SuperMommyDuck_Unreal/Content/Mannequin/Character/Materials/MI_Female_Body.uasset" 82
"../../../../Github/SuperMommyDuck_Project/SuperMommyDuck_Unreal/Content/Mannequin/Character/Mesh/SK_Mannequin_Female.uasset" 83
"../../../../Github/SuperMommyDuck_Project/SuperMommyDuck_Unreal/Content/movies/cutt_Player.uasset" 84
"../../../../Github/SuperMommyDuck_Project/SuperMommyDuck_Unreal/Content/movies/cutt_Player_Video.uasset" 85
"../../../../Github/SuperMommyDuck_Project/SuperMommyDuck_Unreal/Content/movies/cc.uasset" 86
"../../../../Github/SuperMommyDuck_Project/SuperMommyDuck_Unreal/Content/movies/cutt.uasset" 87
"../../../../Github/SuperMommyDuck_Project/SuperMommyDuck_Unreal/Content/StarterContent/Materials/M_Basic_Wall.uasset" 88
"../../../../Github/SuperMommyDuck_Project/SuperMommyDuck_Unreal/Content/StarterContent/Architecture/Pillar_50x500.uasset" 89
"../../../../Github/SuperMommyDuck_Project/SuperMommyDuck_Unreal/Content/StarterContent/Architecture/Wall_400x300.uasset" 90
"../../../../Github/SuperMommyDuck_Project/SuperMommyDuck_Unreal/Content/StarterContent/Architecture/Wall_400x400.uasset" 91
"../../../../Github/SuperMommyDuck_Project/SuperMommyDuck_Unreal/Content/StarterContent/Architecture/Wall_500x500.uasset" 92
"../../../../Github/SuperMommyDuck_Project/SuperMommyDuck_Unreal/Content/StarterContent/Architecture/Wall_Door_400x400.uasset" 93
"../../../../Github/SuperMommyDuck_Project/SuperMommyDuck_Unreal/Content/StarterContent/Architecture/Wall_Window_400x400.uasset" 94
"../../../../Github/SuperMommyDuck_Project/SuperMommyDuck_Unreal/Content/StarterContent/Audio/Collapse01.uasset" 95
"../../../../Github/SuperMommyDuck_Project/SuperMommyDuck_Unreal/Content/StarterContent/Audio/Collapse02.uasset" 96
"../../../../Github/SuperMommyDuck_Project/SuperMommyDuck_Unreal/Content/StarterContent/Audio/Explosion01.uasset" 97
"../../../../Github/SuperMommyDuck_Project/SuperMommyDuck_Unreal/Content/StarterContent/Audio/Explosion02.uasset" 98
"../../../../Github/SuperMommyDuck_Project/SuperMommyDuck_Unreal/Content/StarterContent/Audio/Fire01.uasset" 99
"../../../../Github/SuperMommyDuck_Project/SuperMommyDuck_Unreal/Content/StarterContent/Audio/Fire_Sparks01.uasset" 100
"../../../../Github/SuperMommyDuck_Project/SuperMommyDuck_Unreal/Content/StarterContent/Audio/Light01.uasset" 101
"../../../../Github/SuperMommyDuck_Project/SuperMommyDuck_Unreal/Content/StarterContent/Audio/Light01_Cue.uasset" 102
"../../../../Github/SuperMommyDuck_Project/SuperMommyDuck_Unreal/Content/StarterContent/Audio/Light02.uasset" 103
"../../../../Github/SuperMommyDuck_Project/SuperMommyDuck_Unreal/Content/StarterContent/Audio/Light02_Cue.uasset" 104
"../../../../Github/SuperMommyDuck_Project/SuperMommyDuck_Unreal/Content/StarterContent/Audio/Smoke01.uasset" 105
"../../../../Github/SuperMommyDuck_Project/SuperMommyDuck_Unreal/Content/StarterContent/Audio/Starter_Birds01.uasset" 106
"../../../../Github/SuperMommyDuck_Project/SuperMommyDuck_Unreal/Content/StarterContent/Audio/Starter_Music01.uasset" 107
"../../../../Github/SuperMommyDuck_Project/SuperMommyDuck_Unreal/Content/StarterContent/Audio/Starter_Wind05.uasset" 108
"../../../../Github/SuperMommyDuck_Project/SuperMommyDuck_Unreal/Content/StarterContent/Audio/Starter_Wind06.uasset" 109
"../../../../Github/SuperMommyDuck_Project/SuperMommyDuck_Unreal/Content/StarterContent/Audio/Steam01.uasset" 110
"../../../../Github/SuperMommyDuck_Project/SuperMommyDuck_Unreal/Content/StarterContent/Textures/T_Smoke_Tiled_D.uasset" 111
"../../../../Github/SuperMommyDuck_Project/SuperMommyDuck_Unreal/Content/StarterContent/Textures/T_Smoke_SubUV.uasset" 112
"../../../../Github/SuperMommyDuck_Project/SuperMommyDuck_Unreal/Content/StarterContent/Particles/Materials/M_smoke_subUV.uasset" 113
"../../../Engine/Content/Functions/Engine_MaterialFunctions01/Gradient/RadialGradient.uasset" 114
"../../../../Github/SuperMommyDuck_Project/SuperMommyDuck_Unreal/Content/StarterContent/Particles/Materials/M_radial_ramp.uasset" 115
"../../../../Github/SuperMommyDuck_Project/SuperMommyDuck_Unreal/Content/StarterContent/Particles/Materials/m_flare_01.uasset" 116
"../../../../Github/SuperMommyDuck_Project/SuperMommyDuck_Unreal/Content/StarterContent/Textures/T_Explosion_SubUV.uasset" 117
"../../../../Github/SuperMommyDuck_Project/SuperMommyDuck_Unreal/Content/StarterContent/Particles/Materials/M_explosion_subUV.uasset" 118
"../../../../Github/SuperMommyDuck_Project/SuperMommyDuck_Unreal/Content/StarterContent/Textures/T_Burst_M.uasset" 119
"../../../../Github/SuperMommyDuck_Project/SuperMommyDuck_Unreal/Content/StarterContent/Particles/Materials/M_Burst.uasset" 120
"../../../../Github/SuperMommyDuck_Project/SuperMommyDuck_Unreal/Content/StarterContent/Particles/P_Explosion.uasset" 121
"../../../../Github/SuperMommyDuck_Project/SuperMommyDuck_Unreal/Content/StarterContent/Audio/Explosion_Cue.uasset" 122
"../../../../Github/SuperMommyDuck_Project/SuperMommyDuck_Unreal/Content/StarterContent/Blueprints/Blueprint_Effect_Explosion.uasset" 123
"../../../Engine/Content/EditorMeshes/ColorCalibrator/T_ColorGrid.uasset" 124
"../../../../Github/SuperMommyDuck_Project/SuperMommyDuck_Unreal/Content/StarterContent/Materials/M_ColorGrid_LowSpec.uasset" 125
"../../../../Github/SuperMommyDuck_Project/SuperMommyDuck_Unreal/Content/StarterContent/Textures/T_Bush_N.uasset" 126
"../../../../Github/SuperMommyDuck_Project/SuperMommyDuck_Unreal/Content/StarterContent/Textures/T_Bush_D.uasset" 127
"../../../../Github/SuperMommyDuck_Project/SuperMommyDuck_Unreal/Content/StarterContent/Props/Materials/M_Bush.uasset" 128
"../../../../Github/SuperMommyDuck_Project/SuperMommyDuck_Unreal/Content/StarterContent/Props/SM_Bush.uasset" 129
"../../../../Github/SuperMommyDuck_Project/SuperMommyDuck_Unreal/Content/StarterContent/Textures/T_Chair_N.uasset" 130
"../../../../Github/SuperMommyDuck_Project/SuperMommyDuck_Unreal/Content/StarterContent/Textures/T_Chair_M.uasset" 131
"../../../../Github/SuperMommyDuck_Project/SuperMommyDuck_Unreal/Content/StarterContent/Props/Materials/M_Chair.uasset" 132
"../../../../Github/SuperMommyDuck_Project/SuperMommyDuck_Unreal/Content/StarterContent/Props/SM_Couch.uasset" 133
"../../../../Github/SuperMommyDuck_Project/SuperMommyDuck_Unreal/Content/StarterContent/Materials/M_Glass.uasset" 134
"../../../../Github/SuperMommyDuck_Project/SuperMommyDuck_Unreal/Content/StarterContent/Textures/T_Door_N.uasset" 135
"../../../../Github/SuperMommyDuck_Project/SuperMommyDuck_Unreal/Content/StarterContent/Textures/T_Door_M.uasset" 136
"../../../../Github/SuperMommyDuck_Project/SuperMommyDuck_Unreal/Content/StarterContent/Props/Materials/M_Door.uasset" 137
"../../../../Github/SuperMommyDuck_Project/SuperMommyDuck_Unreal/Content/StarterContent/Props/SM_Door.uasset" 138
"../../../../Github/SuperMommyDuck_Project/SuperMommyDuck_Unreal/Content/StarterContent/Props/Materials/M_MaterialSphere_Plain.uasset" 139
"../../../../Github/SuperMommyDuck_Project/SuperMommyDuck_Unreal/Content/StarterContent/Props/Materials/M_MaterialSphere.uasset" 140
"../../../../Github/SuperMommyDuck_Project/SuperMommyDuck_Unreal/Content/StarterContent/Props/SM_MatPreviewMesh_02.uasset" 141
"../../../../Github/SuperMommyDuck_Project/SuperMommyDuck_Unreal/Content/StarterContent/Textures/T_Rock_Basalt_D.uasset" 142
"../../../../Github/SuperMommyDuck_Project/SuperMommyDuck_Unreal/Content/StarterContent/Textures/T_Detail_Rocky_N.uasset" 143
"../../../../Github/SuperMommyDuck_Project/SuperMommyDuck_Unreal/Content/StarterContent/Textures/T_RockMesh_N.uasset" 144
"../../../../Github/SuperMommyDuck_Project/SuperMommyDuck_Unreal/Content/StarterContent/Textures/T_RockMesh_M.uasset" 145
"../../../../Github/SuperMommyDuck_Project/SuperMommyDuck_Unreal/Content/StarterContent/Props/Materials/M_Rock.uasset" 146
"../../../../Github/SuperMommyDuck_Project/SuperMommyDuck_Unreal/Content/StarterContent/Props/SM_Rock.uasset" 147
"../../../../Github/SuperMommyDuck_Project/SuperMommyDuck_Unreal/Content/StarterContent/Textures/T_Shelf_N.uasset" 148
"../../../../Github/SuperMommyDuck_Project/SuperMommyDuck_Unreal/Content/StarterContent/Textures/T_Shelf_M.uasset" 149
"../../../../Github/SuperMommyDuck_Project/SuperMommyDuck_Unreal/Content/StarterContent/Props/Materials/M_Shelf.uasset" 150
"../../../../Github/SuperMommyDuck_Project/SuperMommyDuck_Unreal/Content/StarterContent/Props/SM_Shelf.uasset" 151
"../../../../Github/SuperMommyDuck_Project/SuperMommyDuck_Unreal/Content/StarterContent/Materials/M_Basic_Floor.uasset" 152
"../../../../Github/SuperMommyDuck_Project/SuperMommyDuck_Unreal/Content/StarterContent/Props/SM_Stairs.uasset" 153
"../../../../Github/SuperMommyDuck_Project/SuperMommyDuck_Unreal/Content/StarterContent/Shapes/Shape_Cone.uasset" 154
"../../../../Github/SuperMommyDuck_Project/SuperMommyDuck_Unreal/Content/StarterContent/Shapes/Shape_Cylinder.uasset" 155
"../../../../Github/SuperMommyDuck_Project/SuperMommyDuck_Unreal/Content/StarterContent/Shapes/Shape_NarrowCapsule.uasset" 156
"../../../../Github/SuperMommyDuck_Project/SuperMommyDuck_Unreal/Content/StarterContent/Shapes/Shape_Pipe.uasset" 157
"../../../../Github/SuperMommyDuck_Project/SuperMommyDuck_Unreal/Content/StarterContent/Shapes/Shape_Pipe_180.uasset" 158
"../../../../Github/SuperMommyDuck_Project/SuperMommyDuck_Unreal/Content/StarterContent/Shapes/Shape_Pipe_90.uasset" 159
"../../../../Github/SuperMommyDuck_Project/SuperMommyDuck_Unreal/Content/StarterContent/Shapes/Shape_Plane.uasset" 160
"../../../../Github/SuperMommyDuck_Project/SuperMommyDuck_Unreal/Content/StarterContent/Shapes/Shape_Torus.uasset" 161
"../../../../Github/SuperMommyDuck_Project/SuperMommyDuck_Unreal/Content/StarterContent/Shapes/Shape_Trim.uasset" 162
"../../../../Github/SuperMommyDuck_Project/SuperMommyDuck_Unreal/Content/StarterContent/Shapes/Shape_Trim_90_In.uasset" 163
"../../../../Github/SuperMommyDuck_Project/SuperMommyDuck_Unreal/Content/StarterContent/Shapes/Shape_Trim_90_Out.uasset" 164
"../../../../Github/SuperMommyDuck_Project/SuperMommyDuck_Unreal/Content/StarterContent/Shapes/Shape_TriPyramid.uasset" 165
"../../../../Github/SuperMommyDuck_Project/SuperMommyDuck_Unreal/Content/StarterContent/Shapes/Shape_Tube.uasset" 166
"../../../../Github/SuperMommyDuck_Project/SuperMommyDuck_Unreal/Content/StarterContent/Shapes/Shape_Wedge_A.uasset" 167
"../../../../Github/SuperMommyDuck_Project/SuperMommyDuck_Unreal/Content/StarterContent/Shapes/Shape_Wedge_B.uasset" 168
"../../../../Github/SuperMommyDuck_Project/SuperMommyDuck_Unreal/Content/StarterContent/Shapes/Shape_WideCapsule.uasset" 169
"../../../../Github/SuperMommyDuck_Project/SuperMommyDuck_Unreal/Content/ThirdPersonBP/ThirdPersonOverview.uasset" 170
"../../../Engine/Content/EngineMaterials/T_Default_Material_Grid_N.uasset" 171
"../../../Engine/Content/EngineMaterials/T_Default_Material_Grid_M.uasset" 172
"../../../Engine/Content/Functions/Engine_MaterialFunctions01/Opacity/CameraDepthFade.uasset" 173
"../../../Engine/Content/EngineMaterials/WorldGridMaterial.uasset" 174
"../../../Engine/Content/ArtTools/RenderToTexture/Meshes/S_1_Unit_Plane.uasset" 175
"../../../Engine/Content/EngineMaterials/DefaultMaterial.uasset" 176
"../../../Engine/Content/BasicShapes/Cone.uasset" 177
"../../../Engine/Content/BasicShapes/Cube.uasset" 178
"../../../Engine/Content/BasicShapes/Plane.uasset" 179
"../../../Engine/Content/BasicShapes/Sphere.uasset" 180
"../../../Engine/Content/EditorLandscapeResources/DataLayer.uasset" 181
"../../../Engine/Content/EditorLandscapeResources/DefaultAlphaTexture.uasset" 182
"../../../Engine/Content/EditorMaterials/MAT_Groups_Toggle.uasset" 183
"../../../Engine/Content/EditorMaterials/MAT_Groups_Visibility.uasset" 184
"../../../Engine/Content/EditorMaterials/PreviewShadowIndicator.uasset" 185
"../../../Engine/Content/EditorMaterials/PreviewShadowIndicatorMaterial.uasset" 186
"../../../Engine/Content/EditorMaterials/MatineeGroups/MAT_ColorTrack.uasset" 187
"../../../Engine/Content/EditorMaterials/MatineeGroups/MAT_Groups_Anim.uasset" 188
"../../../Engine/Content/EditorMaterials/MatineeGroups/MAT_Groups_AudioMaster.uasset" 189
"../../../Engine/Content/EditorMaterials/MatineeGroups/MAT_Groups_Director.uasset" 190
"../../../Engine/Content/EditorMaterials/MatineeGroups/MAT_Groups_Event.uasset" 191
"../../../Engine/Content/EditorMaterials/MatineeGroups/MAT_Groups_Fade.uasset" 192
"../../../Engine/Content/EditorMaterials/MatineeGroups/MAT_Groups_Float.uasset" 193
"../../../Engine/Content/EditorMaterials/MatineeGroups/MAT_Groups_Move.uasset" 194
"../../../Engine/Content/EditorMaterials/MatineeGroups/MAT_Groups_Slomo.uasset" 195
"../../../Engine/Content/EditorMaterials/MatineeGroups/MAT_Groups_Sound.uasset" 196
"../../../Engine/Content/EditorMaterials/MatineeGroups/MAT_Groups_Vector.uasset" 197
"../../../Engine/Content/EditorMaterials/ParticleSystems/PSysThumbnail_NoImage.uasset" 198
"../../../Engine/Content/EditorMaterials/ParticleSystems/PSysThumbnail_OOD.uasset" 199
"../../../Engine/Content/EditorMaterials/Camera/CineMat.uasset" 200
"../../../Engine/Content/EditorMaterials/Camera/MI_CineMat_Rig.uasset" 201
"../../../Engine/Content/EditorMeshes/Camera/SM_CraneRig_Arm.uasset" 202
"../../../Engine/Content/EditorMeshes/Camera/SM_CraneRig_Base.uasset" 203
"../../../Engine/Content/EditorMeshes/Camera/SM_CraneRig_Body.uasset" 204
"../../../Engine/Content/EditorMeshes/Camera/SM_CraneRig_Mount.uasset" 205
"../../../Engine/Content/EditorMeshes/Camera/SM_RailRig_Mount.uasset" 206
"../../../Engine/Content/EditorMeshes/Camera/SM_RailRig_Track.uasset" 207
"../../../Engine/Content/EditorResources/BSPVertex.uasset" 208
"../../../Engine/Content/EditorResources/EmptyActor.uasset" 209
"../../../Engine/Content/EditorResources/S_Actor.uasset" 210
"../../../Engine/Content/EditorResources/S_Note.uasset" 211
"../../../Engine/Content/EditorResources/S_Solver.uasset" 212
"../../../Engine/Content/EditorResources/S_Terrain.uasset" 213
"../../../Engine/Content/EditorResources/S_Trigger.uasset" 214
"../../../Engine/Content/EditorResources/AudioIcons/S_AudioComponent.uasset" 215
"../../../Engine/Content/EditorResources/AudioIcons/S_AudioComponent_AutoActivate.uasset" 216
"../../../Engine/Content/EditorResources/LightIcons/S_LightError.uasset" 217
"../../../Engine/Content/EditorResources/SequenceRecorder/Countdown.uasset" 218
"../../../Engine/Content/EditorResources/SequenceRecorder/RecordingIndicator.uasset" 219
"../../../Engine/Content/EngineDamageTypes/DmgTypeBP_Environmental.uasset" 220
"../../../Engine/Content/EngineDebugMaterials/DebugEditorMaterial.uasset" 221
"../../../Engine/Content/EngineDebugMaterials/DebugMeshMaterial.uasset" 222
"../../../Engine/Content/EngineDebugMaterials/M_SimpleUnlitTranslucent.uasset" 223
"../../../Engine/Content/EngineDebugMaterials/VolumeToRender.uasset" 224
"../../../Engine/Content/Functions/Engine_MaterialFunctions02/Utility/CameraDirectionVector.uasset" 225
"../../../Engine/Content/EngineDebugMaterials/M_VolumeRenderSphereTracePP.uasset" 226
"../../../Engine/Content/Functions/Engine_MaterialFunctions01/Shading/ConvertFromDiffSpec.uasset" 227
"../../../Engine/Content/EngineDebugMaterials/VertexColorMaterial.uasset" 228
"../../../Engine/Content/EngineDebugMaterials/WireframeMaterial.uasset" 229
"../../../Engine/Content/EngineFonts/Faces/RobotoRegular.uasset" 230
"../../../Engine/Content/EngineFonts/Faces/RobotoLight.uasset" 231
"../../../Engine/Content/EngineFonts/Faces/RobotoItalic.uasset" 232
"../../../Engine/Content/EngineFonts/Faces/RobotoBoldItalic.uasset" 233
"../../../Engine/Content/EngineFonts/Faces/RobotoBold.uasset" 234
"../../../Engine/Content/EngineFonts/Faces/DroidSansFallback.uasset" 235
"../../../Engine/Content/EngineFonts/Roboto.uasset" 236
"../../../Engine/Content/EngineMaterials/BaseFlattenNormalMap.uasset" 237
"../../../Engine/Content/EngineMaterials/BaseFlattenGrayscaleMap.uasset" 238
"../../../Engine/Content/EngineMaterials/BaseFlattenEmissiveMap.uasset" 239
"../../../Engine/Content/EngineMaterials/BaseFlattenDiffuseMap.uasset" 240
"../../../Engine/Content/EngineMaterials/BaseFlattenMaterial.uasset" 241
"../../../Engine/Content/EngineMaterials/BlueNoise.uasset" 242
"../../../Engine/Content/EngineMaterials/DefaultBloomKernel.uasset" 243
"../../../Engine/Content/EngineMaterials/DefaultBokeh.uasset" 244
"../../../Engine/Content/EngineMaterials/DefaultDiffuse.uasset" 245
"../../../Engine/Content/EngineMaterials/DefaultDeferredDecalMaterial.uasset" 246
"../../../Engine/Content/EngineMaterials/DefaultLightFunctionMaterial.uasset" 247
"../../../Engine/Content/EngineMaterials/DefaultPhysicalMaterial.uasset" 248
"../../../Engine/Content/Functions/Engine_MaterialFunctions02/Utility/BreakOutFloat2Components.uasset" 249
"../../../Engine/Content/EngineMaterials/DefaultPostProcessMaterial.uasset" 250
"../../../Engine/Content/EngineFonts/RobotoDistanceField.uasset" 251
"../../../Engine/Content/EngineMaterials/DefaultTextMaterialOpaque.uasset" 252
"../../../Engine/Content/EngineMaterials/DefaultWhiteGrid.uasset" 253
"../../../Engine/Content/EngineMaterials/DefaultWhiteGrid_Low.uasset" 254
"../../../Engine/Content/EngineMaterials/EmissiveMeshMaterial.uasset" 255
"../../../Engine/Content/EngineMaterials/GizmoMaterial.uasset" 256
"../../../Engine/Content/EngineMaterials/Good64x64TilingNoiseHighFreq.uasset" 257
"../../../Engine/Content/EngineMaterials/MiniFont.uasset" 258
"../../../Engine/Content/EngineMaterials/InvalidLightmapSettings.uasset" 259
"../../../Engine/Content/EngineMaterials/M_InvalidLightmapSettings.uasset" 260
"../../../Engine/Content/Functions/Engine_MaterialFunctions02/WorldPositionOffset/CameraOffset.uasset" 261
"../../../Engine/Content/EngineMaterials/PhAT_JointLimitMaterial.uasset" 262
"../../../Engine/Content/EngineMaterials/PreintegratedSkinBRDF.uasset" 263
"../../../Engine/Content/EngineMaterials/RemoveSurfaceMaterial.uasset" 264
"../../../Engine/Content/EngineMaterials/WeightMapPlaceholderTexture.uasset" 265
"../../../Engine/Content/EngineResources/WhiteSquareTexture.uasset" 266
"../../../Engine/Content/EngineMaterials/Widget3DPassThrough.uasset" 267
"../../../Engine/Content/EngineMaterials/Widget3DPassThrough_Masked.uasset" 268
"../../../Engine/Content/EngineMaterials/Widget3DPassThrough_Opaque.uasset" 269
"../../../Engine/Content/EngineMaterials/Widget3DPassThrough_Masked_OneSided.uasset" 270
"../../../Engine/Content/EngineMaterials/Widget3DPassThrough_Opaque_OneSided.uasset" 271
"../../../Engine/Content/EngineMaterials/Widget3DPassThrough_Translucent.uasset" 272
"../../../Engine/Content/EngineMaterials/Widget3DPassThrough_Translucent_OneSided.uasset" 273
"../../../Engine/Content/EngineMeshes/Cylinder.uasset" 274
"../../../Engine/Content/EngineMeshes/Sphere.uasset" 275
"../../../Engine/Content/EngineResources/Black.uasset" 276
"../../../Engine/Content/EngineResources/DefaultTextureCube.uasset" 277
"../../../Engine/Content/EngineResources/DefaultVolumeTexture2D.uasset" 278
"../../../Engine/Content/EngineResources/DefaultVolumeTexture.uasset" 279
"../../../Engine/Content/EngineResources/GradientTexture0.uasset" 280
"../../../Engine/Content/EngineSky/VolumetricClouds/T_NoiseShape64.uasset" 281
"../../../Engine/Content/EngineSky/VolumetricClouds/T_VolumeNoiseShape64.uasset" 282
"../../../Engine/Content/EngineSky/VolumetricClouds/T_NoiseErosion.uasset" 283
"../../../Engine/Content/EngineSky/VolumetricClouds/T_VolumeNoiseErosion32.uasset" 284
"../../../Engine/Content/EngineSky/VolumetricClouds/CloudWeatherTexture.uasset" 285
"../../../Engine/Content/EngineSky/VolumetricClouds/CloudGradientTexture.uasset" 286
"../../../Engine/Content/Functions/Engine_MaterialFunctions02/Utility/MakeFloat2.uasset" 287
"../../../Engine/Content/EngineSky/VolumetricClouds/m_SimpleVolumetricCloud.uasset" 288
"../../../Engine/Content/EngineSky/VolumetricClouds/m_SimpleVolumetricCloud_Inst.uasset" 289
"../../../Engine/Content/EngineSounds/Master.uasset" 290
"../../../Engine/Content/Functions/Engine_MaterialFunctions01/Shading/PowerToRoughness.uasset" 291
"../../../Engine/Content/Maps/Templates/Thumbnails/Default.uasset" 292
"../../../Engine/Content/Maps/Templates/Thumbnails/TimeOfDay.uasset" 293
"../../../Engine/Content/Maps/Templates/Thumbnails/VR-Basic.uasset" 294
"../../../Engine/Content/MobileResources/T_MobileControls_texture.uasset" 295
"../../../Engine/Content/MobileResources/T_MobileMenu2.uasset" 296
"../../../Engine/Content/MobileResources/HUD/AnalogHat.uasset" 297
"../../../Engine/Content/MobileResources/HUD/VirtualJoystick_Thumb.uasset" 298
"../../../Engine/Content/MobileResources/HUD/VirtualJoystick_Background.uasset" 299
"../../../Engine/Content/MobileResources/HUD/DefaultVirtualJoysticks.uasset" 300
"../../../Engine/Content/MobileResources/HUD/LeftVirtualJoystickOnly.uasset" 301
"../../../Engine/Content/MobileResources/HUD/MobileHUDButton1_off.uasset" 302
"../../../Engine/Content/MobileResources/HUD/MobileHUDButton1_on.uasset" 303
"../../../Engine/Content/MobileResources/HUD/MobileHUDButton2_off.uasset" 304
"../../../Engine/Content/MobileResources/HUD/MobileHUDButton2_on.uasset" 305
"../../../Engine/Content/MobileResources/HUD/MobileHUDButton3.uasset" 306
"../../../Engine/Content/MobileResources/HUD/MobileHUDButtonFire.uasset" 307
"../../../Engine/Content/MobileResources/HUD/MobileHUDDirectionPad.uasset" 308
"../../../Engine/Content/MobileResources/HUD/MobileHUDDirectionPad2.uasset" 309
"../../../Engine/Content/MobileResources/HUD/MobileHUDDirectionPad3.uasset" 310
"../../../Engine/Content/MobileResources/HUD/MobileHUDDirectionStick.uasset" 311
"../../../Engine/Content/MobileResources/HUD/T_Castle_ThumbstickInner.uasset" 312
"../../../Engine/Content/MobileResources/HUD/T_Castle_ThumbstickOutter.uasset" 313
"../../../Engine/Content/Tutorial/ContentIntroCurve.uasset" 314
"../../../Engine/Content/Tutorial/Basics/LevelEditorAttract.uasset" 315
"../../../Engine/Content/Tutorial/Basics/TutorialAssets/icon_tab_Levels_40x.uasset" 316
"../../../Engine/Content/Tutorial/Basics/LevelEditorOverview.uasset" 317
"../../../Engine/Content/Tutorial/BlueprintTutorials/TutorialAssets/Blueprint_64x.uasset" 318
"../../../Engine/Content/Tutorial/BlueprintTutorials/BlueprintEditorTutorial.uasset" 319
"../../../Engine/Content/Tutorial/SubEditors/MaterialEditorTutorial.uasset" 320
"../../../Engine/Content/Tutorial/SubEditors/TutorialAssets/TutorialMaterial.uasset" 321
"../../../Engine/Content/VREditor/TransformGizmo/TranslucentTransformGizmoMaterial.uasset" 322
"../../../Engine/Content/VREditor/LaserPointer/VR_LaserPower_01.uasset" 323
"../../../Engine/Content/VREditor/TransformGizmo/TransformGizmoMaterial.uasset" 324
"../../../Engine/Content/VREditor/TransformGizmo/BoundingBoxCorner.uasset" 325
"../../../Engine/Content/VREditor/TransformGizmo/BoundingBoxEdge.uasset" 326
"../../../Engine/Content/VREditor/TransformGizmo/PlaneTranslationHandle.uasset" 327
"../../../Engine/Content/VREditor/TransformGizmo/Xray.uasset" 328
"../../../Engine/Content/VREditor/TransformGizmo/Main.uasset" 329
"../../../Engine/Content/VREditor/TransformGizmo/SM_Sequencer_Key.uasset" 330
"../../../Engine/Content/VREditor/TransformGizmo/SM_Sequencer_Node.uasset" 331
"../../Plugins/2D/Paper2D/Content/PlaceholderTextures/DummySpriteTexture.uasset" 332
"../../Plugins/2D/Paper2D/Content/DummySprite.uasset" 333
"../../Plugins/2D/Paper2D/Content/DefaultPaperTerrainMaterial.uasset" 334
"../../Plugins/2D/Paper2D/Content/DefaultSpriteMaterial.uasset" 335
"../../Plugins/2D/Paper2D/Content/MaskedUnlitSpriteMaterial.uasset" 336
"../../Plugins/2D/Paper2D/Content/OpaqueUnlitSpriteMaterial.uasset" 337
"../../../Engine/Content/BasicShapes/Cylinder.uasset" 338
"../../../Engine/Content/ArtTools/RenderToTexture/Materials/Debug/M_Emissive_Color.uasset" 339
"../../Plugins/Lumin/MagicLeapPassableWorld/Content/MagicLeapARPinInfoActor.uasset" 340
"../../../Engine/Content/Functions/Engine_MaterialFunctions02/Utility/BreakOutFloat3Components.uasset" 341
"../../Plugins/Editor/SpeedTreeImporter/Content/SpeedTree9/UnpackInteger3.uasset" 342
"../../Plugins/Editor/SpeedTreeImporter/Content/SpeedTree9/UnpackDirection.uasset" 343
"../../Plugins/Editor/SpeedTreeImporter/Content/SpeedTree9/game_wind_noise.uasset" 344
"../../../Engine/Content/Functions/Engine_MaterialFunctions02/SafeNormalize.uasset" 345
"../../Plugins/Editor/SpeedTreeImporter/Content/SpeedTree9/SpeedTreeWindMotion.uasset" 346
"../../Plugins/Editor/SpeedTreeImporter/Content/SpeedTree9/SpeedTreeBranchMotion.uasset" 347
"../../../Engine/Content/Functions/Engine_MaterialFunctions02/ObjectLocalBounds.uasset" 348
"../../../Engine/Content/Functions/Engine_MaterialFunctions02/UVs/BoundingBoxBased_0-1_UVW.uasset" 349
"../../Plugins/Editor/SpeedTreeImporter/Content/SpeedTree9/SpeedTreeWind.uasset" 350
"../../Plugins/Editor/SpeedTreeImporter/Content/SpeedTree9/SpeedTreeBillboard.uasset" 351
"../../../Engine/Content/EngineResources/DefaultTexture.uasset" 352
"../../Plugins/Editor/SpeedTreeImporter/Content/SpeedTree9/SpeedTreeBillboardMaster.uasset" 353
"../../Plugins/Editor/SpeedTreeImporter/Content/SpeedTree9/SpeedTreeCameraFacing.uasset" 354
"../../Plugins/Editor/SpeedTreeImporter/Content/SpeedTree9/SpeedTreeMaster.uasset" 355
"../../../Engine/Content/Functions/Engine_MaterialFunctions02/Utility/BreakOutFloat4Components.uasset" 356
"../../../Engine/Content/Functions/Engine_MaterialFunctions02/Utility/MakeFloat3.uasset" 357
"../../Plugins/Runtime/Oculus/OculusVR/Content/Materials/OculusMR_ChromaKey.uasset" 358
"../../Plugins/Runtime/Oculus/OculusVR/Content/Materials/OculusMR_OpaqueColoredMaterial.uasset" 359
"../../Plugins/Runtime/Oculus/OculusVR/Content/Materials/PokeAHoleMaterial.uasset" 360
"../../../../Github/SuperMommyDuck_Project/SuperMommyDuck_Unreal/Content/Assets/265847710_2095663950590080_4811165975204750138_n.uasset" 361
"../../../../Github/SuperMommyDuck_Project/SuperMommyDuck_Unreal/Content/Widget/Main.uasset" 362
"../../../../Github/SuperMommyDuck_Project/SuperMommyDuck_Unreal/Content/ThirdPersonBP/Blueprints/ThirdPersonGameMode.uasset" 363
"../../../../Github/SuperMommyDuck_Project/SuperMommyDuck_Unreal/Content/Map/Home.umap" 364
"../../../Engine/Content/EngineSky/T_Sky_Stars.uasset" 365
"../../../Engine/Content/EngineSky/T_Sky_Clouds_M.uasset" 366
"../../../Engine/Content/EngineSky/T_Sky_Blue.uasset" 367
"../../../../Github/SuperMommyDuck_Project/SuperMommyDuck_Unreal/Content/ThirdPerson/Meshes/RampMaterial.uasset" 368
"../../../Engine/Content/EngineSky/M_Sky_Panning_Clouds2.uasset" 369
"../../../../Github/SuperMommyDuck_Project/SuperMommyDuck_Unreal/Content/Map/map01_sewer_BuiltData.uasset" 370
"../../../Engine/Content/EngineSky/SM_SkySphere.uasset" 371
"../../../Engine/Content/EngineSky/C_Sky_Zenith_Color.uasset" 372
"../../../Engine/Content/EngineSky/C_Sky_Horizon_Color.uasset" 373
"../../../Engine/Content/EngineSky/C_Sky_Cloud_Color.uasset" 374
"../../../Engine/Content/EngineSky/BP_Sky_Sphere.uasset" 375
"../../../Engine/Content/MapTemplates/SM_Template_Map_Floor.uasset" 376
"../../../../Github/SuperMommyDuck_Project/SuperMommyDuck_Unreal/Content/Blueprint/Rats/rat6.uasset" 377
"../../../../Github/SuperMommyDuck_Project/SuperMommyDuck_Unreal/Content/Blueprint/Rats/rat5.uasset" 378
"../../../../Github/SuperMommyDuck_Project/SuperMommyDuck_Unreal/Content/Blueprint/Rats/rat4.uasset" 379
"../../../../Github/SuperMommyDuck_Project/SuperMommyDuck_Unreal/Content/Blueprint/Rats/rat3.uasset" 380
"../../../../Github/SuperMommyDuck_Project/SuperMommyDuck_Unreal/Content/Blueprint/Rats/rat2.uasset" 381
"../../../../Github/SuperMommyDuck_Project/SuperMommyDuck_Unreal/Content/Blueprint/Rats/rat1.uasset" 382
"../../../../Github/SuperMommyDuck_Project/SuperMommyDuck_Unreal/Content/Blueprint/SlowWater.uasset" 383
"../../../../Github/SuperMommyDuck_Project/SuperMommyDuck_Unreal/Content/Blueprint/Switch2Interacted.uasset" 384
"../../../../Github/SuperMommyDuck_Project/SuperMommyDuck_Unreal/Content/Assets/gate1.uasset" 385
"../../../../Github/SuperMommyDuck_Project/SuperMommyDuck_Unreal/Content/Blueprint/Gate2.uasset" 386
"../../../../Github/SuperMommyDuck_Project/SuperMommyDuck_Unreal/Content/Blueprint/Switch1Interacted.uasset" 387
"../../../../Github/SuperMommyDuck_Project/SuperMommyDuck_Unreal/Content/Blueprint/Gate1.uasset" 388
"../../../../Github/SuperMommyDuck_Project/SuperMommyDuck_Unreal/Content/Blueprint/GameMode_CC.uasset" 389
"../../../../Github/SuperMommyDuck_Project/SuperMommyDuck_Unreal/Content/Blueprint/BossBox.uasset" 390
"../../../../Github/SuperMommyDuck_Project/SuperMommyDuck_Unreal/Content/Assets/phong1.uasset" 391
"../../../../Github/SuperMommyDuck_Project/SuperMommyDuck_Unreal/Content/Assets/sewer_level_sp_water8.uasset" 392
"../../../../Github/SuperMommyDuck_Project/SuperMommyDuck_Unreal/Content/Assets/Fluid_Domain_Material.uasset" 393
"../../../../Github/SuperMommyDuck_Project/SuperMommyDuck_Unreal/Content/Assets/sewer_level_sp_water7.uasset" 394
"../../../../Github/SuperMommyDuck_Project/SuperMommyDuck_Unreal/Content/Assets/sewer_level_sp_water6.uasset" 395
"../../../../Github/SuperMommyDuck_Project/SuperMommyDuck_Unreal/Content/Assets/sewer_level_sp_water5.uasset" 396
"../../../../Github/SuperMommyDuck_Project/SuperMommyDuck_Unreal/Content/Assets/sewer_level_sp_water4.uasset" 397
"../../../../Github/SuperMommyDuck_Project/SuperMommyDuck_Unreal/Content/Assets/sewer_level_sp_water3.uasset" 398
"../../../../Github/SuperMommyDuck_Project/SuperMommyDuck_Unreal/Content/Assets/sewer_level_sp_water14.uasset" 399
"../../../../Github/SuperMommyDuck_Project/SuperMommyDuck_Unreal/Content/Assets/sewer_level_sp_water13.uasset" 400
"../../../../Github/SuperMommyDuck_Project/SuperMommyDuck_Unreal/Content/Assets/sewer_level_sp_water12.uasset" 401
"../../../../Github/SuperMommyDuck_Project/SuperMommyDuck_Unreal/Content/Assets/sewer_level_sp_water11.uasset" 402
"../../../../Github/SuperMommyDuck_Project/SuperMommyDuck_Unreal/Content/Assets/sewer_level_sp_water1.uasset" 403
"../../../../Github/SuperMommyDuck_Project/SuperMommyDuck_Unreal/Content/Assets/musor1.uasset" 404
"../../../../Github/SuperMommyDuck_Project/SuperMommyDuck_Unreal/Content/Assets/sewer_level_sp_Sphere017.uasset" 405
"../../../../Github/SuperMommyDuck_Project/SuperMommyDuck_Unreal/Content/Assets/sewer_level_sp_Sphere016.uasset" 406
"../../../../Github/SuperMommyDuck_Project/SuperMommyDuck_Unreal/Content/Assets/wet_ash_closeup_4260142_ncl1_1.uasset" 407
"../../../../Github/SuperMommyDuck_Project/SuperMommyDuck_Unreal/Content/Assets/dirt123.uasset" 408
"../../../../Github/SuperMommyDuck_Project/SuperMommyDuck_Unreal/Content/Assets/sewer_level_sp_Sphere015.uasset" 409
"../../../../Github/SuperMommyDuck_Project/SuperMommyDuck_Unreal/Content/Assets/sewer_level_sp_Sphere014.uasset" 410
"../../../../Github/SuperMommyDuck_Project/SuperMommyDuck_Unreal/Content/Assets/sewer_level_sp_Sphere013.uasset" 411
"../../../../Github/SuperMommyDuck_Project/SuperMommyDuck_Unreal/Content/Assets/sewer_level_sp_Sphere012.uasset" 412
"../../../../Github/SuperMommyDuck_Project/SuperMommyDuck_Unreal/Content/Assets/wet_ash_closeup_4260142.uasset" 413
"../../../../Github/SuperMommyDuck_Project/SuperMommyDuck_Unreal/Content/Assets/stones1.uasset" 414
"../../../../Github/SuperMommyDuck_Project/SuperMommyDuck_Unreal/Content/Assets/sewer_level_sp_Sphere011.uasset" 415
"../../../../Github/SuperMommyDuck_Project/SuperMommyDuck_Unreal/Content/Assets/sewer_level_sp_Sphere010.uasset" 416
"../../../../Github/SuperMommyDuck_Project/SuperMommyDuck_Unreal/Content/Assets/sewer_level_sp_Sphere009.uasset" 417
"../../../../Github/SuperMommyDuck_Project/SuperMommyDuck_Unreal/Content/Assets/sewer_level_sp_Sphere008.uasset" 418
"../../../../Github/SuperMommyDuck_Project/SuperMommyDuck_Unreal/Content/Assets/sewer_level_sp_Sphere007.uasset" 419
"../../../../Github/SuperMommyDuck_Project/SuperMommyDuck_Unreal/Content/Assets/sewer_level_sp_Sphere006.uasset" 420
"../../../../Github/SuperMommyDuck_Project/SuperMommyDuck_Unreal/Content/Assets/sewer_level_sp_SM_Grate_9.uasset" 421
"../../../../Github/SuperMommyDuck_Project/SuperMommyDuck_Unreal/Content/Assets/sewer_level_sp_SM_Grate_8.uasset" 422
"../../../../Github/SuperMommyDuck_Project/SuperMommyDuck_Unreal/Content/Assets/sewer_level_sp_SM_Grate_7.uasset" 423
"../../../../Github/SuperMommyDuck_Project/SuperMommyDuck_Unreal/Content/Assets/sewer_level_sp_SM_Grate_6.uasset" 424
"../../../../Github/SuperMommyDuck_Project/SuperMommyDuck_Unreal/Content/Assets/sewer_level_sp_SM_Grate_5.uasset" 425
"../../../../Github/SuperMommyDuck_Project/SuperMommyDuck_Unreal/Content/Assets/sewer_level_sp_SM_Grate_4.uasset" 426
"../../../../Github/SuperMommyDuck_Project/SuperMommyDuck_Unreal/Content/Assets/sewer_level_sp_SM_Grate_2.uasset" 427
"../../../../Github/SuperMommyDuck_Project/SuperMommyDuck_Unreal/Content/Assets/sewer_level_sp_SM_Grate_15.uasset" 428
"../../../../Github/SuperMommyDuck_Project/SuperMommyDuck_Unreal/Content/Assets/sewer_level_sp_SM_Grate_12.uasset" 429
"../../../../Github/SuperMommyDuck_Project/SuperMommyDuck_Unreal/Content/Assets/sewer_level_sp_SM_Grate_11.uasset" 430
"../../../../Github/SuperMommyDuck_Project/SuperMommyDuck_Unreal/Content/Assets/sewer_level_sp_SM_Grate_10.uasset" 431
"../../../../Github/SuperMommyDuck_Project/SuperMommyDuck_Unreal/Content/Assets/putkee.uasset" 432
"../../../../Github/SuperMommyDuck_Project/SuperMommyDuck_Unreal/Content/Assets/07_-_Default.uasset" 433
"../../../../Github/SuperMommyDuck_Project/SuperMommyDuck_Unreal/Content/Assets/sewer_level_sp_putki5.uasset" 434
"../../../../Github/SuperMommyDuck_Project/SuperMommyDuck_Unreal/Content/Assets/sewer_level_sp_putki4.uasset" 435
"../../../../Github/SuperMommyDuck_Project/SuperMommyDuck_Unreal/Content/Assets/sewer_level_sp_putki3.uasset" 436
"../../../../Github/SuperMommyDuck_Project/SuperMommyDuck_Unreal/Content/Assets/sewer_level_sp_putki2.uasset" 437
"../../../../Github/SuperMommyDuck_Project/SuperMommyDuck_Unreal/Content/Assets/building4.uasset" 438
"../../../../Github/SuperMommyDuck_Project/SuperMommyDuck_Unreal/Content/Assets/lambert2.uasset" 439
"../../../../Github/SuperMommyDuck_Project/SuperMommyDuck_Unreal/Content/Assets/sewer_level_sp_pPlane17.uasset" 440
"../../../../Github/SuperMommyDuck_Project/SuperMommyDuck_Unreal/Content/Assets/sewer_level_sp_pPlane16.uasset" 441
"../../../../Github/SuperMommyDuck_Project/SuperMommyDuck_Unreal/Content/Assets/sewer_level_sp_pPlane15.uasset" 442
"../../../../Github/SuperMommyDuck_Project/SuperMommyDuck_Unreal/Content/Assets/sewer_level_sp_pPlane14.uasset" 443
"../../../../Github/SuperMommyDuck_Project/SuperMommyDuck_Unreal/Content/Assets/Plumbing_BaseColor_2k.uasset" 444
"../../../../Github/SuperMommyDuck_Project/SuperMommyDuck_Unreal/Content/Assets/lambert11.uasset" 445
"../../../../Github/SuperMommyDuck_Project/SuperMommyDuck_Unreal/Content/Assets/sewer_level_sp_pipe_s_turn_speacial_a_11.uasset" 446
"../../../../Github/SuperMommyDuck_Project/SuperMommyDuck_Unreal/Content/Assets/sewer_level_sp_pipe_s_turn_speacial_a_10.uasset" 447
"../../../../Github/SuperMommyDuck_Project/SuperMommyDuck_Unreal/Content/Assets/sewer_level_sp_pipe_s_turn_speacial_a_09.uasset" 448
"../../../../Github/SuperMommyDuck_Project/SuperMommyDuck_Unreal/Content/Assets/sewer_level_sp_pipe_s_turn_speacial_a_08.uasset" 449
"../../../../Github/SuperMommyDuck_Project/SuperMommyDuck_Unreal/Content/Assets/sewer_level_sp_pipe_s_turn_speacial_a_07.uasset" 450
"../../../../Github/SuperMommyDuck_Project/SuperMommyDuck_Unreal/Content/Assets/sewer_level_sp_pipe_s_turn_speacial_a_06.uasset" 451
"../../../../Github/SuperMommyDuck_Project/SuperMommyDuck_Unreal/Content/Assets/sewer_level_sp_pipe_s_turn_speacial_a_05.uasset" 452
"../../../../Github/SuperMommyDuck_Project/SuperMommyDuck_Unreal/Content/Assets/sewer_level_sp_pipe_s_turn_speacial_a_04.uasset" 453
"../../../../Github/SuperMommyDuck_Project/SuperMommyDuck_Unreal/Content/Assets/sewer_level_sp_pipe_s_turn_speacial_a_03.uasset" 454
"../../../../Github/SuperMommyDuck_Project/SuperMommyDuck_Unreal/Content/Assets/sewer_level_sp_pipe_s_turn_speacial_02.uasset" 455
"../../../../Github/SuperMommyDuck_Project/SuperMommyDuck_Unreal/Content/Assets/sewer_level_sp_pipe_s_turn_02.uasset" 456
"../../../../Github/SuperMommyDuck_Project/SuperMommyDuck_Unreal/Content/Assets/sewer_level_sp_pipe_s_c_11.uasset" 457
"../../../../Github/SuperMommyDuck_Project/SuperMommyDuck_Unreal/Content/Assets/sewer_level_sp_pipe_s_c_10.uasset" 458
"../../../../Github/SuperMommyDuck_Project/SuperMommyDuck_Unreal/Content/Assets/sewer_level_sp_pipe_s_c_09.uasset" 459
"../../../../Github/SuperMommyDuck_Project/SuperMommyDuck_Unreal/Content/Assets/sewer_level_sp_pipe_s_c_08.uasset" 460
"../../../../Github/SuperMommyDuck_Project/SuperMommyDuck_Unreal/Content/Assets/sewer_level_sp_pipe_s_c_07.uasset" 461
"../../../../Github/SuperMommyDuck_Project/SuperMommyDuck_Unreal/Content/Assets/sewer_level_sp_pipe_s_c_06.uasset" 462
"../../../../Github/SuperMommyDuck_Project/SuperMommyDuck_Unreal/Content/Assets/sewer_level_sp_pipe_s_c_05.uasset" 463
"../../../../Github/SuperMommyDuck_Project/SuperMommyDuck_Unreal/Content/Assets/sewer_level_sp_pPlane13.uasset" 464
"../../../../Github/SuperMommyDuck_Project/SuperMommyDuck_Unreal/Content/Assets/sewer_level_sp_pipe_s_c_04.uasset" 465
"../../../../Github/SuperMommyDuck_Project/SuperMommyDuck_Unreal/Content/Assets/sewer_level_sp_pipe_s_c_03.uasset" 466
"../../../../Github/SuperMommyDuck_Project/SuperMommyDuck_Unreal/Content/Assets/sewer_level_sp_pipe_s_c_02.uasset" 467
"../../../../Github/SuperMommyDuck_Project/SuperMommyDuck_Unreal/Content/Assets/sewer_level_sp_pipe_a_turn_03.uasset" 468
"../../../../Github/SuperMommyDuck_Project/SuperMommyDuck_Unreal/Content/Assets/sewer_level_sp_pipe_a_turn_02.uasset" 469
"../../../../Github/SuperMommyDuck_Project/SuperMommyDuck_Unreal/Content/Assets/stone33.uasset" 470
"../../../../Github/SuperMommyDuck_Project/SuperMommyDuck_Unreal/Content/Assets/lambert1.uasset" 471
"../../../../Github/SuperMommyDuck_Project/SuperMommyDuck_Unreal/Content/Assets/sewer_level_sp_pCylinder8.uasset" 472
"../../../../Github/SuperMommyDuck_Project/SuperMommyDuck_Unreal/Content/Assets/sewer_level_sp_pCylinder7.uasset" 473
"../../../../Github/SuperMommyDuck_Project/SuperMommyDuck_Unreal/Content/Assets/sewer_level_sp_pCylinder6.uasset" 474
"../../../../Github/SuperMommyDuck_Project/SuperMommyDuck_Unreal/Content/Assets/sewer_level_sp_pCylinder5.uasset" 475
"../../../../Github/SuperMommyDuck_Project/SuperMommyDuck_Unreal/Content/Assets/sewer_level_sp_pCylinder4.uasset" 476
"../../../../Github/SuperMommyDuck_Project/SuperMommyDuck_Unreal/Content/Assets/sewer_level_sp_pCylinder3.uasset" 477
"../../../../Github/SuperMommyDuck_Project/SuperMommyDuck_Unreal/Content/Assets/sewer_level_sp_pCylinder2.uasset" 478
"../../../../Github/SuperMommyDuck_Project/SuperMommyDuck_Unreal/Content/Assets/sewer_level_sp_pCylinder1.uasset" 479
"../../../../Github/SuperMommyDuck_Project/SuperMommyDuck_Unreal/Content/Assets/stone33_ncl1_2.uasset" 480
"../../../../Github/SuperMommyDuck_Project/SuperMommyDuck_Unreal/Content/Assets/lambert24.uasset" 481
"../../../../Github/SuperMommyDuck_Project/SuperMommyDuck_Unreal/Content/Assets/sewer_level_sp_pCube61.uasset" 482
"../../../../Github/SuperMommyDuck_Project/SuperMommyDuck_Unreal/Content/Assets/sewer_level_sp_pCube60.uasset" 483
"../../../../Github/SuperMommyDuck_Project/SuperMommyDuck_Unreal/Content/Assets/sewer_level_sp_pCube59.uasset" 484
"../../../../Github/SuperMommyDuck_Project/SuperMommyDuck_Unreal/Content/Assets/sewer_level_sp_pCube58.uasset" 485
"../../../../Github/SuperMommyDuck_Project/SuperMommyDuck_Unreal/Content/Assets/sewer_level_sp_pCube57.uasset" 486
"../../../../Github/SuperMommyDuck_Project/SuperMommyDuck_Unreal/Content/Assets/sewer_level_sp_pCube56.uasset" 487
"../../../../Github/SuperMommyDuck_Project/SuperMommyDuck_Unreal/Content/Assets/sewer_level_sp_pCube55.uasset" 488
"../../../../Github/SuperMommyDuck_Project/SuperMommyDuck_Unreal/Content/Assets/sewer_level_sp_pCube54.uasset" 489
"../../../../Github/SuperMommyDuck_Project/SuperMommyDuck_Unreal/Content/Assets/sewer_level_sp_pCube53.uasset" 490
"../../../../Github/SuperMommyDuck_Project/SuperMommyDuck_Unreal/Content/Assets/sewer_level_sp_pCube52.uasset" 491
"../../../../Github/SuperMommyDuck_Project/SuperMommyDuck_Unreal/Content/Assets/building4_ncl1_1.uasset" 492
"../../../../Github/SuperMommyDuck_Project/SuperMommyDuck_Unreal/Content/Assets/lambert23.uasset" 493
"../../../../Github/SuperMommyDuck_Project/SuperMommyDuck_Unreal/Content/Assets/sewer_level_sp_pCube51.uasset" 494
"../../../../Github/SuperMommyDuck_Project/SuperMommyDuck_Unreal/Content/Assets/sewer_level_sp_pCube50.uasset" 495
"../../../../Github/SuperMommyDuck_Project/SuperMommyDuck_Unreal/Content/Assets/sewer_level_sp_pCube49.uasset" 496
"../../../../Github/SuperMommyDuck_Project/SuperMommyDuck_Unreal/Content/Assets/sewer_level_sp_pCube48.uasset" 497
"../../../../Github/SuperMommyDuck_Project/SuperMommyDuck_Unreal/Content/Assets/sewer_level_sp_pCube47.uasset" 498
"../../../../Github/SuperMommyDuck_Project/SuperMommyDuck_Unreal/Content/Assets/Bricks_BaseColor.uasset" 499
"../../../../Github/SuperMommyDuck_Project/SuperMommyDuck_Unreal/Content/Assets/lambert21.uasset" 500
"../../../../Github/SuperMommyDuck_Project/SuperMommyDuck_Unreal/Content/Assets/sewer_level_sp_3_8.uasset" 501
"../../../../Github/SuperMommyDuck_Project/SuperMommyDuck_Unreal/Content/Assets/sewer_level_sp_3_7.uasset" 502
"../../../../Github/SuperMommyDuck_Project/SuperMommyDuck_Unreal/Content/Assets/Matches.uasset" 503
"../../../../Github/SuperMommyDuck_Project/SuperMommyDuck_Unreal/Content/Assets/lambert20.uasset" 504
"../../../../Github/SuperMommyDuck_Project/SuperMommyDuck_Unreal/Content/Assets/sewer_level_sp_3_6.uasset" 505
"../../../../Github/SuperMommyDuck_Project/SuperMommyDuck_Unreal/Content/Assets/sewer_level_sp_3_5.uasset" 506
"../../../../Github/SuperMommyDuck_Project/SuperMommyDuck_Unreal/Content/Assets/sewer_level_sp_3_4.uasset" 507
"../../../../Github/SuperMommyDuck_Project/SuperMommyDuck_Unreal/Content/Assets/sewer_level_sp_3_3.uasset" 508
"../../../../Github/SuperMommyDuck_Project/SuperMommyDuck_Unreal/Content/Assets/sewer_level_sp_3_2.uasset" 509
"../../../../Github/SuperMommyDuck_Project/SuperMommyDuck_Unreal/Content/Assets/Can_BaseColor.uasset" 510
"../../../../Github/SuperMommyDuck_Project/SuperMommyDuck_Unreal/Content/Assets/lambert16.uasset" 511
"../../../../Github/SuperMommyDuck_Project/SuperMommyDuck_Unreal/Content/Assets/sewer_level_sp_3.uasset" 512
"../../../../Github/SuperMommyDuck_Project/SuperMommyDuck_Unreal/Content/Assets/sewer_level_sp_2_9.uasset" 513
"../../../../Github/SuperMommyDuck_Project/SuperMommyDuck_Unreal/Content/Assets/Coffee_BaseColor.uasset" 514
"../../../../Github/SuperMommyDuck_Project/SuperMommyDuck_Unreal/Content/Assets/lambert19.uasset" 515
"../../../../Github/SuperMommyDuck_Project/SuperMommyDuck_Unreal/Content/Assets/sewer_level_sp_2_8.uasset" 516
"../../../../Github/SuperMommyDuck_Project/SuperMommyDuck_Unreal/Content/Assets/sewer_level_sp_2_7.uasset" 517
"../../../../Github/SuperMommyDuck_Project/SuperMommyDuck_Unreal/Content/Assets/sewer_level_sp_2_6.uasset" 518
"../../../../Github/SuperMommyDuck_Project/SuperMommyDuck_Unreal/Content/Assets/sewer_level_sp_2_5.uasset" 519
"../../../../Github/SuperMommyDuck_Project/SuperMommyDuck_Unreal/Content/Assets/sewer_level_sp_2_4.uasset" 520
"../../../../Github/SuperMommyDuck_Project/SuperMommyDuck_Unreal/Content/Assets/sewer_level_sp_2_3.uasset" 521
"../../../../Github/SuperMommyDuck_Project/SuperMommyDuck_Unreal/Content/Assets/sewer_level_sp_2_2.uasset" 522
"../../../../Github/SuperMommyDuck_Project/SuperMommyDuck_Unreal/Content/Assets/sewer_level_sp_2_11.uasset" 523
"../../../../Github/SuperMommyDuck_Project/SuperMommyDuck_Unreal/Content/Assets/sewer_level_sp_2_10.uasset" 524
"../../../../Github/SuperMommyDuck_Project/SuperMommyDuck_Unreal/Content/Assets/sewer_level_sp_2.uasset" 525
"../../../../Github/SuperMommyDuck_Project/SuperMommyDuck_Unreal/Content/Assets/sewer_level_sp_1_8.uasset" 526
"../../../../Github/SuperMommyDuck_Project/SuperMommyDuck_Unreal/Content/Assets/sewer_level_sp_1_7.uasset" 527
"../../../../Github/SuperMommyDuck_Project/SuperMommyDuck_Unreal/Content/Assets/sewer_level_sp_1_6.uasset" 528
"../../../../Github/SuperMommyDuck_Project/SuperMommyDuck_Unreal/Content/Assets/sewer_level_sp_1_5.uasset" 529
"../../../../Github/SuperMommyDuck_Project/SuperMommyDuck_Unreal/Content/Assets/sewer_level_sp_1_4.uasset" 530
"../../../../Github/SuperMommyDuck_Project/SuperMommyDuck_Unreal/Content/Assets/sewer_level_sp_1_3.uasset" 531
"../../../../Github/SuperMommyDuck_Project/SuperMommyDuck_Unreal/Content/Assets/sewer_level_sp_1_2.uasset" 532
"../../../../Github/SuperMommyDuck_Project/SuperMommyDuck_Unreal/Content/Assets/sewer_level_sp_1_11.uasset" 533
"../../../../Github/SuperMommyDuck_Project/SuperMommyDuck_Unreal/Content/Assets/sewer_level_sp_1_10.uasset" 534
"../../../../Github/SuperMommyDuck_Project/SuperMommyDuck_Unreal/Content/Assets/sewer_level_sp_18.uasset" 535
"../../../../Github/SuperMommyDuck_Project/SuperMommyDuck_Unreal/Content/Assets/sewer_level_sp_17.uasset" 536
"../../../../Github/SuperMommyDuck_Project/SuperMommyDuck_Unreal/Content/Assets/sewer_level_sp_16.uasset" 537
"../../../../Github/SuperMommyDuck_Project/SuperMommyDuck_Unreal/Content/Assets/sewer_level_sp_15.uasset" 538
"../../../../Github/SuperMommyDuck_Project/SuperMommyDuck_Unreal/Content/Assets/sewer_level_sp_14.uasset" 539
"../../../../Github/SuperMommyDuck_Project/SuperMommyDuck_Unreal/Content/Assets/sewer_level_sp_13.uasset" 540
"../../../../Github/SuperMommyDuck_Project/SuperMommyDuck_Unreal/Content/Assets/sewer_level_sp_12.uasset" 541
"../../../../Github/SuperMommyDuck_Project/SuperMommyDuck_Unreal/Content/Assets/sewer_level_sp_11.uasset" 542
"../../../../Github/SuperMommyDuck_Project/SuperMommyDuck_Unreal/Content/Assets/sewer_level_sp_10.uasset" 543
"../../../../Github/SuperMommyDuck_Project/SuperMommyDuck_Unreal/Content/Assets/sewer_level_sp_1_9.uasset" 544
"../../../../Github/SuperMommyDuck_Project/SuperMommyDuck_Unreal/Content/Assets/sewer_level_sp_1.uasset" 545
"../../../../Github/SuperMommyDuck_Project/SuperMommyDuck_Unreal/Content/Assets/sewer_level_sp_09.uasset" 546
"../../../../Github/SuperMommyDuck_Project/SuperMommyDuck_Unreal/Content/Assets/sewer_level_sp_08.uasset" 547
"../../../../Github/SuperMommyDuck_Project/SuperMommyDuck_Unreal/Content/Assets/sewer_level_sp_pCube46.uasset" 548
"../../../../Github/SuperMommyDuck_Project/SuperMommyDuck_Unreal/Content/Assets/sewer_level_sp_pCube45.uasset" 549
"../../../../Github/SuperMommyDuck_Project/SuperMommyDuck_Unreal/Content/Assets/sewer_level_sp_pCube44.uasset" 550
"../../../../Github/SuperMommyDuck_Project/SuperMommyDuck_Unreal/Content/Assets/sewer_level_sp_pCube43.uasset" 551
"../../../../Github/SuperMommyDuck_Project/SuperMommyDuck_Unreal/Content/Assets/sewer_level_sp_pCube42.uasset" 552
"../../../../Github/SuperMommyDuck_Project/SuperMommyDuck_Unreal/Content/Assets/wall_texture_050.uasset" 553
"../../../../Github/SuperMommyDuck_Project/SuperMommyDuck_Unreal/Content/Assets/lambert14.uasset" 554
"../../../../Github/SuperMommyDuck_Project/SuperMommyDuck_Unreal/Content/Assets/sewer_level_sp_pCube38.uasset" 555
"../../../../Github/SuperMommyDuck_Project/SuperMommyDuck_Unreal/Content/Assets/sewer_level_sp_pCube37.uasset" 556
"../../../../Github/SuperMommyDuck_Project/SuperMommyDuck_Unreal/Content/Assets/sewer_level_sp_pCube36.uasset" 557
"../../../../Github/SuperMommyDuck_Project/SuperMommyDuck_Unreal/Content/Assets/sewer_level_sp_pCube35.uasset" 558
"../../../../Github/SuperMommyDuck_Project/SuperMommyDuck_Unreal/Content/Assets/sewer_level_sp_pCube34.uasset" 559
"../../../../Github/SuperMommyDuck_Project/SuperMommyDuck_Unreal/Content/Assets/sewer_level_sp_pCube33.uasset" 560
"../../../../Github/SuperMommyDuck_Project/SuperMommyDuck_Unreal/Content/Assets/building9.uasset" 561
"../../../../Github/SuperMommyDuck_Project/SuperMommyDuck_Unreal/Content/Assets/lambert10.uasset" 562
"../../../../Github/SuperMommyDuck_Project/SuperMommyDuck_Unreal/Content/Assets/sewer_level_sp_pCube32.uasset" 563
"../../../../Github/SuperMommyDuck_Project/SuperMommyDuck_Unreal/Content/Assets/sewer_level_sp_pCube31.uasset" 564
"../../../../Github/SuperMommyDuck_Project/SuperMommyDuck_Unreal/Content/Assets/sewer_level_sp_pCube30.uasset" 565
"../../../../Github/SuperMommyDuck_Project/SuperMommyDuck_Unreal/Content/Assets/sewer_level_sp_pCube29.uasset" 566
"../../../../Github/SuperMommyDuck_Project/SuperMommyDuck_Unreal/Content/Assets/sewer_level_sp_pCube28.uasset" 567
"../../../../Github/SuperMommyDuck_Project/SuperMommyDuck_Unreal/Content/Assets/sewer_level_sp_pCube27.uasset" 568
"../../../../Github/SuperMommyDuck_Project/SuperMommyDuck_Unreal/Content/Assets/sewer_level_sp_pCube26.uasset" 569
"../../../../Github/SuperMommyDuck_Project/SuperMommyDuck_Unreal/Content/Assets/sewer_level_sp_pCube25.uasset" 570
"../../../../Github/SuperMommyDuck_Project/SuperMommyDuck_Unreal/Content/Assets/sewer_level_sp_pCube24.uasset" 571
"../../../../Github/SuperMommyDuck_Project/SuperMommyDuck_Unreal/Content/Assets/sewer_level_sp_pCube23.uasset" 572
"../../../../Github/SuperMommyDuck_Project/SuperMommyDuck_Unreal/Content/Assets/sewer_level_sp_pCube22.uasset" 573
"../../../../Github/SuperMommyDuck_Project/SuperMommyDuck_Unreal/Content/Assets/sewer_level_sp_pCube21.uasset" 574
"../../../../Github/SuperMommyDuck_Project/SuperMommyDuck_Unreal/Content/Assets/sewer_level_sp_pCube20.uasset" 575
"../../../../Github/SuperMommyDuck_Project/SuperMommyDuck_Unreal/Content/Assets/sewer_level_sp_pCube19.uasset" 576
"../../../../Github/SuperMommyDuck_Project/SuperMommyDuck_Unreal/Content/Assets/sewer_level_sp_pCube18.uasset" 577
"../../../../Github/SuperMommyDuck_Project/SuperMommyDuck_Unreal/Content/Assets/sewer_level_sp_pCube17.uasset" 578
"../../../../Github/SuperMommyDuck_Project/SuperMommyDuck_Unreal/Content/Assets/sewer_level_sp_pCube16.uasset" 579
"../../../../Github/SuperMommyDuck_Project/SuperMommyDuck_Unreal/Content/Assets/sewer_level_sp_pCube15.uasset" 580
"../../../../Github/SuperMommyDuck_Project/SuperMommyDuck_Unreal/Content/Assets/sewer_level_sp_pCube14.uasset" 581
"../../../../Github/SuperMommyDuck_Project/SuperMommyDuck_Unreal/Content/Assets/sewer_level_sp_pCube13.uasset" 582
"../../../../Github/SuperMommyDuck_Project/SuperMommyDuck_Unreal/Content/Assets/sewer_level_sp_pCube12.uasset" 583
"../../../../Github/SuperMommyDuck_Project/SuperMommyDuck_Unreal/Content/Assets/Newspaper_BaseColor.uasset" 584
"../../../../Github/SuperMommyDuck_Project/SuperMommyDuck_Unreal/Content/Assets/lambert18.uasset" 585
"../../../../Github/SuperMommyDuck_Project/SuperMommyDuck_Unreal/Content/Assets/sewer_level_sp_Newspaper2.uasset" 586
"../../../../Github/SuperMommyDuck_Project/SuperMommyDuck_Unreal/Content/Assets/sewer_level_sp_Newspaper1.uasset" 587
"../../../../Github/SuperMommyDuck_Project/SuperMommyDuck_Unreal/Content/Assets/sewer_level_sp_Newspaper.uasset" 588
"../../../../Github/SuperMommyDuck_Project/SuperMommyDuck_Unreal/Content/Assets/Milk_BaseColor.uasset" 589
"../../../../Github/SuperMommyDuck_Project/SuperMommyDuck_Unreal/Content/Assets/lambert17.uasset" 590
"../../../../Github/SuperMommyDuck_Project/SuperMommyDuck_Unreal/Content/Assets/sewer_level_sp_Milk2.uasset" 591
"../../../../Github/SuperMommyDuck_Project/SuperMommyDuck_Unreal/Content/Assets/sewer_level_sp_Milk1.uasset" 592
"../../../../Github/SuperMommyDuck_Project/SuperMommyDuck_Unreal/Content/Assets/sewer_level_sp_Milk.uasset" 593
"../../../../Github/SuperMommyDuck_Project/SuperMommyDuck_Unreal/Content/Assets/stone33_ncl1_1.uasset" 594
"../../../../Github/SuperMommyDuck_Project/SuperMommyDuck_Unreal/Content/Assets/lambert4_ncl1_1.uasset" 595
"../../../../Github/SuperMommyDuck_Project/SuperMommyDuck_Unreal/Content/Assets/sewer_level_sp_floor3.uasset" 596
"../../../../Github/SuperMommyDuck_Project/SuperMommyDuck_Unreal/Content/Assets/beautiful-white-cloud_74190-3975.uasset" 597
"../../../../Github/SuperMommyDuck_Project/SuperMommyDuck_Unreal/Content/Assets/lambert9.uasset" 598
"../../../../Github/SuperMommyDuck_Project/SuperMommyDuck_Unreal/Content/Assets/sewer_level_sp_floor2.uasset" 599
"../../../../Github/SuperMommyDuck_Project/SuperMommyDuck_Unreal/Content/Assets/sewer_level_sp_floor1.uasset" 600
"../../../../Github/SuperMommyDuck_Project/SuperMommyDuck_Unreal/Content/Assets/sewer_level_sp_floor.uasset" 601
"../../../../Github/SuperMommyDuck_Project/SuperMommyDuck_Unreal/Content/Assets/lambert3.uasset" 602
"../../../../Github/SuperMommyDuck_Project/SuperMommyDuck_Unreal/Content/Assets/sewer_level_sp_Else2.uasset" 603
"../../../../Github/SuperMommyDuck_Project/SuperMommyDuck_Unreal/Content/Assets/sewer_level_sp_Else1.uasset" 604
"../../../../Github/SuperMommyDuck_Project/SuperMommyDuck_Unreal/Content/Assets/sewer_level_sp_Else.uasset" 605
"../../../../Github/SuperMommyDuck_Project/SuperMommyDuck_Unreal/Content/Assets/drink1.uasset" 606
"../../../../Github/SuperMommyDuck_Project/SuperMommyDuck_Unreal/Content/Assets/bottle1.uasset" 607
"../../../../Github/SuperMommyDuck_Project/SuperMommyDuck_Unreal/Content/Assets/sewer_level_sp_Cylinder019.uasset" 608
"../../../../Github/SuperMommyDuck_Project/SuperMommyDuck_Unreal/Content/Assets/sewer_level_sp_Cylinder018.uasset" 609
"../../../../Github/SuperMommyDuck_Project/SuperMommyDuck_Unreal/Content/Assets/sewer_level_sp_Cylinder017.uasset" 610
"../../../../Github/SuperMommyDuck_Project/SuperMommyDuck_Unreal/Content/Assets/sewer_level_sp_Cylinder015.uasset" 611
"../../../../Github/SuperMommyDuck_Project/SuperMommyDuck_Unreal/Content/Assets/sewer_level_sp_Cylinder014.uasset" 612
"../../../../Github/SuperMommyDuck_Project/SuperMommyDuck_Unreal/Content/Assets/sewer_level_sp_Cylinder013.uasset" 613
"../../../../Github/SuperMommyDuck_Project/SuperMommyDuck_Unreal/Content/Assets/sewer_level_sp_Cylinder012.uasset" 614
"../../../../Github/SuperMommyDuck_Project/SuperMommyDuck_Unreal/Content/Assets/sewer_level_sp_Cylinder011.uasset" 615
"../../../../Github/SuperMommyDuck_Project/SuperMommyDuck_Unreal/Content/Assets/sewer_level_sp_Cylinder010.uasset" 616
"../../../../Github/SuperMommyDuck_Project/SuperMommyDuck_Unreal/Content/Assets/sewer_level_sp_Cylinder009.uasset" 617
"../../../../Github/SuperMommyDuck_Project/SuperMommyDuck_Unreal/Content/Assets/sewer_level_sp_Cylinder008.uasset" 618
"../../../../Github/SuperMommyDuck_Project/SuperMommyDuck_Unreal/Content/Assets/sewer_level_sp_Cylinder007.uasset" 619
"../../../../Github/SuperMommyDuck_Project/SuperMommyDuck_Unreal/Content/Assets/Electrical_panel.uasset" 620
"../../../../Github/SuperMommyDuck_Project/SuperMommyDuck_Unreal/Content/Assets/lambert13.uasset" 621
"../../../../Github/SuperMommyDuck_Project/SuperMommyDuck_Unreal/Content/Assets/sewer_level_sp_Cube2.uasset" 622
"../../../../Github/SuperMommyDuck_Project/SuperMommyDuck_Unreal/Content/Assets/sewer_level_sp_Cube1.uasset" 623
"../../../../Github/SuperMommyDuck_Project/SuperMommyDuck_Unreal/Content/Assets/Box_BaseColor.uasset" 624
"../../../../Github/SuperMommyDuck_Project/SuperMommyDuck_Unreal/Content/Assets/lambert15.uasset" 625
"../../../../Github/SuperMommyDuck_Project/SuperMommyDuck_Unreal/Content/Assets/sewer_level_sp_Box5.uasset" 626
"../../../../Github/SuperMommyDuck_Project/SuperMommyDuck_Unreal/Content/Assets/sewer_level_sp_Box4.uasset" 627
"../../../../Github/SuperMommyDuck_Project/SuperMommyDuck_Unreal/Content/Assets/T_box_Normal.uasset" 628
"../../../../Github/SuperMommyDuck_Project/SuperMommyDuck_Unreal/Content/Assets/T_box_BaseColor.uasset" 629
"../../../../Github/SuperMommyDuck_Project/SuperMommyDuck_Unreal/Content/Assets/M_box.uasset" 630
"../../../../Github/SuperMommyDuck_Project/SuperMommyDuck_Unreal/Content/Assets/sewer_level_sp_Box3.uasset" 631
"../../../../Github/SuperMommyDuck_Project/SuperMommyDuck_Unreal/Content/Assets/sewer_level_sp_Box2.uasset" 632
"../../../../Github/SuperMommyDuck_Project/SuperMommyDuck_Unreal/Content/Assets/sewer_level_sp_Box1.uasset" 633
"../../../../Github/SuperMommyDuck_Project/SuperMommyDuck_Unreal/Content/Assets/metal_2030205.uasset" 634
"../../../../Github/SuperMommyDuck_Project/SuperMommyDuck_Unreal/Content/Assets/kirpich.uasset" 635
"../../../../Github/SuperMommyDuck_Project/SuperMommyDuck_Unreal/Content/Assets/sewer_level_sp_Box005.uasset" 636
"../../../../Github/SuperMommyDuck_Project/SuperMommyDuck_Unreal/Content/Assets/sewer_level_sp_Box004.uasset" 637
"../../../../Github/SuperMommyDuck_Project/SuperMommyDuck_Unreal/Content/Assets/sewer_level_sp_Box003.uasset" 638
"../../../../Github/SuperMommyDuck_Project/SuperMommyDuck_Unreal/Content/Assets/sewer_level_sp_Box.uasset" 639
"../../../../Github/SuperMommyDuck_Project/SuperMommyDuck_Unreal/Content/Assets/Barrels_MainBody_BaseColor.uasset" 640
"../../../../Github/SuperMommyDuck_Project/SuperMommyDuck_Unreal/Content/Assets/lambert12.uasset" 641
"../../../../Github/SuperMommyDuck_Project/SuperMommyDuck_Unreal/Content/Assets/sewer_level_sp_Barrels2.uasset" 642
"../../../../Github/SuperMommyDuck_Project/SuperMommyDuck_Unreal/Content/Assets/sewer_level_sp_Barrels1.uasset" 643
"../../../../Github/SuperMommyDuck_Project/SuperMommyDuck_Unreal/Content/Assets/Bar_BaseColor.uasset" 644
"../../../../Github/SuperMommyDuck_Project/SuperMommyDuck_Unreal/Content/Assets/lambert22.uasset" 645
"../../../../Github/SuperMommyDuck_Project/SuperMommyDuck_Unreal/Content/Assets/sewer_level_sp_Bar5.uasset" 646
"../../../../Github/SuperMommyDuck_Project/SuperMommyDuck_Unreal/Content/Assets/sewer_level_sp_Bar4.uasset" 647
"../../../../Github/SuperMommyDuck_Project/SuperMommyDuck_Unreal/Content/Assets/sewer_level_sp_Bar3.uasset" 648
"../../../../Github/SuperMommyDuck_Project/SuperMommyDuck_Unreal/Content/Assets/sewer_level_sp_Bar2.uasset" 649
"../../../../Github/SuperMommyDuck_Project/SuperMommyDuck_Unreal/Content/Assets/sewer_level_sp_Bar1.uasset" 650
"../../../../Github/SuperMommyDuck_Project/SuperMommyDuck_Unreal/Content/Assets/sewer_level_sp_Bar.uasset" 651
"../../../../Github/SuperMommyDuck_Project/SuperMommyDuck_Unreal/Content/Assets/sewer_level_sp_4.uasset" 652
"../../../../Github/SuperMommyDuck_Project/SuperMommyDuck_Unreal/Content/Map/map01_sewer.umap" 653
"../../../../Github/SuperMommyDuck_Project/SuperMommyDuck_Unreal/Content/Map/sewer_boss_BuiltData.uasset" 654
"../../../../Github/SuperMommyDuck_Project/SuperMommyDuck_Unreal/Content/Map/sewer_boss.umap" 655
"../../../Engine/Content/EditorMeshes/ColorCalibrator/M_GreyBall.uasset" 656
"../../../Engine/Content/EditorMeshes/ColorCalibrator/Color_checker.uasset" 657
"../../../Engine/Content/EditorMeshes/ColorCalibrator/M_ColorGrid.uasset" 658
"../../../Engine/Content/EditorMeshes/ColorCalibrator/M_ClearCoatBlack.uasset" 659
"../../../Engine/Content/EditorMeshes/ColorCalibrator/M_ClearCoat.uasset" 660
"../../../Engine/Content/EditorMeshes/ColorCalibrator/M_ChromeBall.uasset" 661
"../../../Engine/Content/EditorMeshes/ColorCalibrator/SM_ColorCalibrator.uasset" 662
"../../../../Github/SuperMommyDuck_Project/SuperMommyDuck_Unreal/Content/StarterContent/Maps/Advanced_Lighting_BuiltData.uasset" 663
"../../../../Github/SuperMommyDuck_Project/SuperMommyDuck_Unreal/Content/StarterContent/HDRI/HDRI_Epic_Courtyard_Daylight.uasset" 664
"../../../Engine/Content/MapTemplates/Sky/DaylightAmbientCubemap.uasset" 665
"../../../../Github/SuperMommyDuck_Project/SuperMommyDuck_Unreal/Content/StarterContent/Blueprints/Assets/M_LightStage_Skybox_Master.uasset" 666
"../../../../Github/SuperMommyDuck_Project/SuperMommyDuck_Unreal/Content/StarterContent/Blueprints/Assets/M_LightStage_Skybox_HDRI.uasset" 667
"../../../../Github/SuperMommyDuck_Project/SuperMommyDuck_Unreal/Content/StarterContent/Blueprints/Assets/M_LightStage_Arrows.uasset" 668
"../../../../Github/SuperMommyDuck_Project/SuperMommyDuck_Unreal/Content/StarterContent/Blueprints/Assets/SM_Arrows.uasset" 669
"../../../Engine/Content/EditorMaterials/Thumbnails/SkySphereMaterial.uasset" 670
"../../../../Github/SuperMommyDuck_Project/SuperMommyDuck_Unreal/Content/StarterContent/Blueprints/Assets/Skybox.uasset" 671
"../../../../Github/SuperMommyDuck_Project/SuperMommyDuck_Unreal/Content/StarterContent/Blueprints/Assets/M_LightStage_Skybox_Black.uasset" 672
"../../../../Github/SuperMommyDuck_Project/SuperMommyDuck_Unreal/Content/StarterContent/Blueprints/Assets/SunlightColorLUT.uasset" 673
"../../../../Github/SuperMommyDuck_Project/SuperMommyDuck_Unreal/Content/StarterContent/Blueprints/Assets/FogBrightnessLUT.uasset" 674
"../../../../Github/SuperMommyDuck_Project/SuperMommyDuck_Unreal/Content/StarterContent/Blueprints/BP_LightStudio.uasset" 675
"../../../../Github/SuperMommyDuck_Project/SuperMommyDuck_Unreal/Content/StarterContent/Materials/M_AssetPlatform.uasset" 676
"../../../../Github/SuperMommyDuck_Project/SuperMommyDuck_Unreal/Content/StarterContent/Architecture/SM_AssetPlatform.uasset" 677
"../../../../Github/SuperMommyDuck_Project/SuperMommyDuck_Unreal/Content/StarterContent/Maps/Advanced_Lighting.umap" 678
"../../../../Github/SuperMommyDuck_Project/SuperMommyDuck_Unreal/Content/StarterContent/Textures/T_TableRound_N.uasset" 679
"../../../../Github/SuperMommyDuck_Project/SuperMommyDuck_Unreal/Content/StarterContent/Textures/T_TableRound_M.uasset" 680
"../../../../Github/SuperMommyDuck_Project/SuperMommyDuck_Unreal/Content/StarterContent/Props/Materials/M_TableRound.uasset" 681
"../../../../Github/SuperMommyDuck_Project/SuperMommyDuck_Unreal/Content/StarterContent/Props/SM_TableRound.uasset" 682
"../../../../Github/SuperMommyDuck_Project/SuperMommyDuck_Unreal/Content/StarterContent/Textures/T_Statue_N.uasset" 683
"../../../../Github/SuperMommyDuck_Project/SuperMommyDuck_Unreal/Content/StarterContent/Textures/T_Statue_M.uasset" 684
"../../../../Github/SuperMommyDuck_Project/SuperMommyDuck_Unreal/Content/StarterContent/Props/Materials/M_Statue.uasset" 685
"../../../../Github/SuperMommyDuck_Project/SuperMommyDuck_Unreal/Content/StarterContent/Props/Materials/M_StatueGlass.uasset" 686
"../../../../Github/SuperMommyDuck_Project/SuperMommyDuck_Unreal/Content/StarterContent/Props/SM_Statue.uasset" 687
"../../../../Github/SuperMommyDuck_Project/SuperMommyDuck_Unreal/Content/StarterContent/Props/SM_Chair.uasset" 688
"../../../../Github/SuperMommyDuck_Project/SuperMommyDuck_Unreal/Content/StarterContent/Textures/T_Metal_Copper_D.uasset" 689
"../../../../Github/SuperMommyDuck_Project/SuperMommyDuck_Unreal/Content/StarterContent/Textures/T_Metal_Gold_N.uasset" 690
"../../../../Github/SuperMommyDuck_Project/SuperMommyDuck_Unreal/Content/StarterContent/Textures/T_MacroVariation.uasset" 691
"../../../../Github/SuperMommyDuck_Project/SuperMommyDuck_Unreal/Content/StarterContent/Materials/M_Metal_Copper.uasset" 692
"../../../../Github/SuperMommyDuck_Project/SuperMommyDuck_Unreal/Content/StarterContent/Textures/T_Metal_Aluminum_D.uasset" 693
"../../../../Github/SuperMommyDuck_Project/SuperMommyDuck_Unreal/Content/StarterContent/Materials/M_Metal_Burnished_Steel.uasset" 694
"../../../../Github/SuperMommyDuck_Project/SuperMommyDuck_Unreal/Content/StarterContent/Materials/M_Metal_Brushed_Nickel.uasset" 695
"../../../../Github/SuperMommyDuck_Project/SuperMommyDuck_Unreal/Content/StarterContent/Maps/Minimal_Default_BuiltData.uasset" 696
"../../../../Github/SuperMommyDuck_Project/SuperMommyDuck_Unreal/Content/StarterContent/Audio/Starter_Background_Cue.uasset" 697
"../../../../Github/SuperMommyDuck_Project/SuperMommyDuck_Unreal/Content/StarterContent/Architecture/Floor_400x400.uasset" 698
"../../../../Github/SuperMommyDuck_Project/SuperMommyDuck_Unreal/Content/StarterContent/Maps/Minimal_Default.umap" 699
"../../../../Github/SuperMommyDuck_Project/SuperMommyDuck_Unreal/Content/StarterContent/Shapes/Shape_Sphere.uasset" 700
"../../../../Github/SuperMommyDuck_Project/SuperMommyDuck_Unreal/Content/StarterContent/Shapes/Shape_QuadPyramid.uasset" 701
"../../../../Github/SuperMommyDuck_Project/SuperMommyDuck_Unreal/Content/StarterContent/Shapes/Shape_Cube.uasset" 702
"../../../../Github/SuperMommyDuck_Project/SuperMommyDuck_Unreal/Content/StarterContent/Textures/T_Frame_N.uasset" 703
"../../../../Github/SuperMommyDuck_Project/SuperMommyDuck_Unreal/Content/StarterContent/Textures/T_Frame_M.uasset" 704
"../../../../Github/SuperMommyDuck_Project/SuperMommyDuck_Unreal/Content/StarterContent/Props/Materials/M_Frame.uasset" 705
"../../../../Github/SuperMommyDuck_Project/SuperMommyDuck_Unreal/Content/StarterContent/Props/SM_WindowFrame.uasset" 706
"../../../../Github/SuperMommyDuck_Project/SuperMommyDuck_Unreal/Content/StarterContent/Props/SM_PillarFrame300.uasset" 707
"../../../../Github/SuperMommyDuck_Project/SuperMommyDuck_Unreal/Content/StarterContent/Props/SM_PillarFrame.uasset" 708
"../../../../Github/SuperMommyDuck_Project/SuperMommyDuck_Unreal/Content/StarterContent/Props/SM_GlassWindow.uasset" 709
"../../../../Github/SuperMommyDuck_Project/SuperMommyDuck_Unreal/Content/StarterContent/Props/SM_DoorFrame.uasset" 710
"../../../../Github/SuperMommyDuck_Project/SuperMommyDuck_Unreal/Content/StarterContent/Props/SM_CornerFrame.uasset" 711
"../../../../Github/SuperMommyDuck_Project/SuperMommyDuck_Unreal/Content/StarterContent/Props/MaterialSphere.uasset" 712
"../../../../Github/SuperMommyDuck_Project/SuperMommyDuck_Unreal/Content/StarterContent/Textures/T_Dust_Particle_D.uasset" 713
"../../../../Github/SuperMommyDuck_Project/SuperMommyDuck_Unreal/Content/StarterContent/Particles/Materials/M_Dust_Particle.uasset" 714
"../../../../Github/SuperMommyDuck_Project/SuperMommyDuck_Unreal/Content/StarterContent/Particles/P_Ambient_Dust.uasset" 715
"../../../../Github/SuperMommyDuck_Project/SuperMommyDuck_Unreal/Content/StarterContent/Textures/T_Wood_Walnut_N.uasset" 716
"../../../../Github/SuperMommyDuck_Project/SuperMommyDuck_Unreal/Content/StarterContent/Textures/T_Wood_Walnut_D.uasset" 717
"../../../../Github/SuperMommyDuck_Project/SuperMommyDuck_Unreal/Content/StarterContent/Materials/M_Wood_Walnut.uasset" 718
"../../../../Github/SuperMommyDuck_Project/SuperMommyDuck_Unreal/Content/StarterContent/Textures/T_Perlin_Noise_M.uasset" 719
"../../../../Github/SuperMommyDuck_Project/SuperMommyDuck_Unreal/Content/StarterContent/Textures/T_Wood_Pine_N.uasset" 720
"../../../../Github/SuperMommyDuck_Project/SuperMommyDuck_Unreal/Content/StarterContent/Textures/T_Wood_Pine_D.uasset" 721
"../../../../Github/SuperMommyDuck_Project/SuperMommyDuck_Unreal/Content/StarterContent/Materials/M_Wood_Pine.uasset" 722
"../../../../Github/SuperMommyDuck_Project/SuperMommyDuck_Unreal/Content/StarterContent/Textures/T_Wood_Oak_N.uasset" 723
"../../../../Github/SuperMommyDuck_Project/SuperMommyDuck_Unreal/Content/StarterContent/Textures/T_Wood_Oak_D.uasset" 724
"../../../../Github/SuperMommyDuck_Project/SuperMommyDuck_Unreal/Content/StarterContent/Materials/M_Wood_Oak.uasset" 725
"../../../Engine/Content/Functions/Engine_MaterialFunctions01/Opacity/AlphaOffset.uasset" 726
"../../../../Github/SuperMommyDuck_Project/SuperMommyDuck_Unreal/Content/StarterContent/Textures/T_Wood_Floor_Walnut_N.uasset" 727
"../../../../Github/SuperMommyDuck_Project/SuperMommyDuck_Unreal/Content/StarterContent/Textures/T_Wood_Floor_Walnut_M.uasset" 728
"../../../../Github/SuperMommyDuck_Project/SuperMommyDuck_Unreal/Content/StarterContent/Textures/T_Wood_Floor_Walnut_D.uasset" 729
"../../../../Github/SuperMommyDuck_Project/SuperMommyDuck_Unreal/Content/StarterContent/Materials/M_Wood_Floor_Walnut_Worn.uasset" 730
"../../../../Github/SuperMommyDuck_Project/SuperMommyDuck_Unreal/Content/StarterContent/Materials/M_Wood_Floor_Walnut_Polished.uasset" 731
"../../../../Github/SuperMommyDuck_Project/SuperMommyDuck_Unreal/Content/StarterContent/Textures/T_Water_M.uasset" 732
"../../../../Github/SuperMommyDuck_Project/SuperMommyDuck_Unreal/Content/StarterContent/Textures/T_Water_N.uasset" 733
"../../../../Github/SuperMommyDuck_Project/SuperMommyDuck_Unreal/Content/StarterContent/Materials/M_Water_Ocean.uasset" 734
"../../../../Github/SuperMommyDuck_Project/SuperMommyDuck_Unreal/Content/StarterContent/Materials/M_Water_Lake.uasset" 735
"../../../../Github/SuperMommyDuck_Project/SuperMommyDuck_Unreal/Content/StarterContent/Textures/T_Tech_Panel_N.uasset" 736
"../../../../Github/SuperMommyDuck_Project/SuperMommyDuck_Unreal/Content/StarterContent/Textures/T_Tech_Panel_M.uasset" 737
"../../../../Github/SuperMommyDuck_Project/SuperMommyDuck_Unreal/Content/StarterContent/Textures/T_Metal_Steel_D.uasset" 738
"../../../../Github/SuperMommyDuck_Project/SuperMommyDuck_Unreal/Content/StarterContent/Materials/M_Tech_Panel.uasset" 739
"../../../../Github/SuperMommyDuck_Project/SuperMommyDuck_Unreal/Content/StarterContent/Textures/T_Tech_Hex_Tile_N.uasset" 740
"../../../../Github/SuperMommyDuck_Project/SuperMommyDuck_Unreal/Content/StarterContent/Textures/T_Tech_Hex_Tile_M.uasset" 741
"../../../../Github/SuperMommyDuck_Project/SuperMommyDuck_Unreal/Content/StarterContent/Materials/M_Tech_Hex_Tile_Pulse.uasset" 742
"../../../../Github/SuperMommyDuck_Project/SuperMommyDuck_Unreal/Content/StarterContent/Materials/M_Tech_Hex_Tile.uasset" 743
"../../../../Github/SuperMommyDuck_Project/SuperMommyDuck_Unreal/Content/StarterContent/Textures/T_Tech_Dot_N.uasset" 744
"../../../../Github/SuperMommyDuck_Project/SuperMommyDuck_Unreal/Content/StarterContent/Textures/T_Tech_Dot_M.uasset" 745
"../../../../Github/SuperMommyDuck_Project/SuperMommyDuck_Unreal/Content/StarterContent/Textures/T_Single_Tile_N.uasset" 746
"../../../../Github/SuperMommyDuck_Project/SuperMommyDuck_Unreal/Content/StarterContent/Textures/T_Checker_Noise_M.uasset" 747
"../../../../Github/SuperMommyDuck_Project/SuperMommyDuck_Unreal/Content/StarterContent/Materials/M_Tech_Checker_Dot.uasset" 748
"../../../../Github/SuperMommyDuck_Project/SuperMommyDuck_Unreal/Content/StarterContent/Textures/T_Rock_Slate_N.uasset" 749
"../../../../Github/SuperMommyDuck_Project/SuperMommyDuck_Unreal/Content/StarterContent/Textures/T_Rock_Slate_D.uasset" 750
"../../../../Github/SuperMommyDuck_Project/SuperMommyDuck_Unreal/Content/StarterContent/Materials/M_Rock_Slate.uasset" 751
"../../../../Github/SuperMommyDuck_Project/SuperMommyDuck_Unreal/Content/StarterContent/Textures/T_Rock_Sandstone_N.uasset" 752
"../../../../Github/SuperMommyDuck_Project/SuperMommyDuck_Unreal/Content/StarterContent/Textures/T_Rock_Sandstone_D.uasset" 753
"../../../../Github/SuperMommyDuck_Project/SuperMommyDuck_Unreal/Content/StarterContent/Materials/M_Rock_Sandstone.uasset" 754
"../../../../Github/SuperMommyDuck_Project/SuperMommyDuck_Unreal/Content/StarterContent/Textures/T_Rock_Marble_Polished_D.uasset" 755
"../../../../Github/SuperMommyDuck_Project/SuperMommyDuck_Unreal/Content/StarterContent/Materials/M_Rock_Marble_Polished.uasset" 756
"../../../../Github/SuperMommyDuck_Project/SuperMommyDuck_Unreal/Content/StarterContent/Textures/T_Rock_Basalt_N.uasset" 757
"../../../../Github/SuperMommyDuck_Project/SuperMommyDuck_Unreal/Content/StarterContent/Materials/M_Rock_Basalt.uasset" 758
"../../../../Github/SuperMommyDuck_Project/SuperMommyDuck_Unreal/Content/StarterContent/Textures/T_Metal_Steel_N.uasset" 759
"../../../../Github/SuperMommyDuck_Project/SuperMommyDuck_Unreal/Content/StarterContent/Materials/M_Metal_Steel.uasset" 760
"../../../../Github/SuperMommyDuck_Project/SuperMommyDuck_Unreal/Content/StarterContent/Textures/T_Metal_Rust_D.uasset" 761
"../../../../Github/SuperMommyDuck_Project/SuperMommyDuck_Unreal/Content/StarterContent/Textures/T_Metal_Rust_N.uasset" 762
"../../../../Github/SuperMommyDuck_Project/SuperMommyDuck_Unreal/Content/StarterContent/Materials/M_Metal_Rust.uasset" 763
"../../../../Github/SuperMommyDuck_Project/SuperMommyDuck_Unreal/Content/StarterContent/Textures/T_Metal_Gold_D.uasset" 764
"../../../../Github/SuperMommyDuck_Project/SuperMommyDuck_Unreal/Content/StarterContent/Materials/M_Metal_Gold.uasset" 765
"../../../../Github/SuperMommyDuck_Project/SuperMommyDuck_Unreal/Content/StarterContent/Materials/M_Metal_Chrome.uasset" 766
"../../../../Github/SuperMommyDuck_Project/SuperMommyDuck_Unreal/Content/StarterContent/Textures/T_Ground_Moss_N.uasset" 767
"../../../../Github/SuperMommyDuck_Project/SuperMommyDuck_Unreal/Content/StarterContent/Textures/T_ground_Moss_D.uasset" 768
"../../../../Github/SuperMommyDuck_Project/SuperMommyDuck_Unreal/Content/StarterContent/Materials/M_Ground_Moss.uasset" 769
"../../../../Github/SuperMommyDuck_Project/SuperMommyDuck_Unreal/Content/StarterContent/Textures/T_Ground_Gravel_N.uasset" 770
"../../../../Github/SuperMommyDuck_Project/SuperMommyDuck_Unreal/Content/StarterContent/Textures/T_Ground_Gravel_D.uasset" 771
"../../../../Github/SuperMommyDuck_Project/SuperMommyDuck_Unreal/Content/StarterContent/Materials/M_Ground_Gravel.uasset" 772
"../../../../Github/SuperMommyDuck_Project/SuperMommyDuck_Unreal/Content/StarterContent/Textures/T_Ground_Grass_N.uasset" 773
"../../../../Github/SuperMommyDuck_Project/SuperMommyDuck_Unreal/Content/StarterContent/Textures/T_Ground_Grass_D.uasset" 774
"../../../../Github/SuperMommyDuck_Project/SuperMommyDuck_Unreal/Content/StarterContent/Materials/M_Ground_Grass.uasset" 775
"../../../../Github/SuperMommyDuck_Project/SuperMommyDuck_Unreal/Content/StarterContent/Textures/T_Concrete_Tiles_Variation_M.uasset" 776
"../../../../Github/SuperMommyDuck_Project/SuperMommyDuck_Unreal/Content/StarterContent/Textures/T_Concrete_Tiles_N.uasset" 777
"../../../../Github/SuperMommyDuck_Project/SuperMommyDuck_Unreal/Content/StarterContent/Textures/T_Concrete_Tiles_M.uasset" 778
"../../../../Github/SuperMommyDuck_Project/SuperMommyDuck_Unreal/Content/StarterContent/Textures/T_Concrete_Tiles_D.uasset" 779
"../../../../Github/SuperMommyDuck_Project/SuperMommyDuck_Unreal/Content/StarterContent/Materials/M_Concrete_Tiles.uasset" 780
"../../../../Github/SuperMommyDuck_Project/SuperMommyDuck_Unreal/Content/StarterContent/Textures/T_Concrete_Panels_N.uasset" 781
"../../../../Github/SuperMommyDuck_Project/SuperMommyDuck_Unreal/Content/StarterContent/Textures/T_Concrete_Panels_D.uasset" 782
"../../../../Github/SuperMommyDuck_Project/SuperMommyDuck_Unreal/Content/StarterContent/Materials/M_Concrete_Panels.uasset" 783
"../../../../Github/SuperMommyDuck_Project/SuperMommyDuck_Unreal/Content/StarterContent/Textures/T_Concrete_Grime_D.uasset" 784
"../../../../Github/SuperMommyDuck_Project/SuperMommyDuck_Unreal/Content/StarterContent/Materials/M_Concrete_Grime.uasset" 785
"../../../../Github/SuperMommyDuck_Project/SuperMommyDuck_Unreal/Content/StarterContent/Textures/T_CobbleStone_Smooth_N.uasset" 786
"../../../../Github/SuperMommyDuck_Project/SuperMommyDuck_Unreal/Content/StarterContent/Textures/T_CobbleStone_Smooth_M.uasset" 787
"../../../../Github/SuperMommyDuck_Project/SuperMommyDuck_Unreal/Content/StarterContent/Textures/T_CobbleStone_Smooth_D.uasset" 788
"../../../../Github/SuperMommyDuck_Project/SuperMommyDuck_Unreal/Content/StarterContent/Textures/T_Rock_Smooth_Granite_D.uasset" 789
"../../../../Github/SuperMommyDuck_Project/SuperMommyDuck_Unreal/Content/StarterContent/Textures/T_Gradinet_01.uasset" 790
"../../../../Github/SuperMommyDuck_Project/SuperMommyDuck_Unreal/Content/StarterContent/Materials/M_CobbleStone_Smooth.uasset" 791
"../../../../Github/SuperMommyDuck_Project/SuperMommyDuck_Unreal/Content/StarterContent/Textures/T_CobbleStone_Rough_N.uasset" 792
"../../../../Github/SuperMommyDuck_Project/SuperMommyDuck_Unreal/Content/StarterContent/Textures/T_CobbleStone_Rough_D.uasset" 793
"../../../../Github/SuperMommyDuck_Project/SuperMommyDuck_Unreal/Content/StarterContent/Materials/M_CobbleStone_Rough.uasset" 794
"../../../../Github/SuperMommyDuck_Project/SuperMommyDuck_Unreal/Content/StarterContent/Textures/T_CobbleStone_Pebble_N.uasset" 795
"../../../../Github/SuperMommyDuck_Project/SuperMommyDuck_Unreal/Content/StarterContent/Textures/T_CobbleStone_Pebble_M.uasset" 796
"../../../../Github/SuperMommyDuck_Project/SuperMommyDuck_Unreal/Content/StarterContent/Textures/T_CobbleStone_Pebble_D.uasset" 797
"../../../../Github/SuperMommyDuck_Project/SuperMommyDuck_Unreal/Content/StarterContent/Materials/M_CobbleStone_Pebble.uasset" 798
"../../../../Github/SuperMommyDuck_Project/SuperMommyDuck_Unreal/Content/StarterContent/Textures/T_Ceramic_Tile_N.uasset" 799
"../../../../Github/SuperMommyDuck_Project/SuperMommyDuck_Unreal/Content/StarterContent/Textures/T_Ceramic_Tile_M.uasset" 800
"../../../../Github/SuperMommyDuck_Project/SuperMommyDuck_Unreal/Content/StarterContent/Materials/M_Ceramic_Tile_Checker.uasset" 801
"../../../../Github/SuperMommyDuck_Project/SuperMommyDuck_Unreal/Content/StarterContent/Textures/T_Brick_Hewn_Stone_N.uasset" 802
"../../../../Github/SuperMommyDuck_Project/SuperMommyDuck_Unreal/Content/StarterContent/Textures/T_Brick_Hewn_Stone_M.uasset" 803
"../../../../Github/SuperMommyDuck_Project/SuperMommyDuck_Unreal/Content/StarterContent/Textures/T_Brick_Hewn_Stone_D.uasset" 804
"../../../../Github/SuperMommyDuck_Project/SuperMommyDuck_Unreal/Content/StarterContent/Materials/M_Brick_Hewn_Stone.uasset" 805
"../../../../Github/SuperMommyDuck_Project/SuperMommyDuck_Unreal/Content/StarterContent/Textures/T_Brick_Cut_Stone_N.uasset" 806
"../../../../Github/SuperMommyDuck_Project/SuperMommyDuck_Unreal/Content/StarterContent/Textures/T_Brick_Cut_Stone_D.uasset" 807
"../../../../Github/SuperMommyDuck_Project/SuperMommyDuck_Unreal/Content/StarterContent/Materials/M_Brick_Cut_Stone.uasset" 808
"../../../../Github/SuperMommyDuck_Project/SuperMommyDuck_Unreal/Content/StarterContent/Textures/T_Brick_Clay_Old_N.uasset" 809
"../../../../Github/SuperMommyDuck_Project/SuperMommyDuck_Unreal/Content/StarterContent/Textures/T_Brick_Clay_Old_D.uasset" 810
"../../../../Github/SuperMommyDuck_Project/SuperMommyDuck_Unreal/Content/StarterContent/Materials/M_Brick_Clay_Old.uasset" 811
"../../../../Github/SuperMommyDuck_Project/SuperMommyDuck_Unreal/Content/StarterContent/Textures/T_Brick_Clay_New_N.uasset" 812
"../../../../Github/SuperMommyDuck_Project/SuperMommyDuck_Unreal/Content/StarterContent/Textures/T_Brick_Clay_New_M.uasset" 813
"../../../../Github/SuperMommyDuck_Project/SuperMommyDuck_Unreal/Content/StarterContent/Textures/T_Brick_Clay_New_D.uasset" 814
"../../../../Github/SuperMommyDuck_Project/SuperMommyDuck_Unreal/Content/StarterContent/Materials/M_Brick_Clay_New.uasset" 815
"../../../../Github/SuperMommyDuck_Project/SuperMommyDuck_Unreal/Content/StarterContent/Textures/T_Brick_Clay_Beveled_N.uasset" 816
"../../../../Github/SuperMommyDuck_Project/SuperMommyDuck_Unreal/Content/StarterContent/Textures/T_Brick_Clay_Beveled_M.uasset" 817
"../../../../Github/SuperMommyDuck_Project/SuperMommyDuck_Unreal/Content/StarterContent/Textures/T_Brick_Clay_Beveled_D.uasset" 818
"../../../../Github/SuperMommyDuck_Project/SuperMommyDuck_Unreal/Content/StarterContent/Materials/M_Brick_Clay_Beveled.uasset" 819
"../../../Engine/Content/Functions/Engine_MaterialFunctions03/Procedurals/ComputeFilterWidth.uasset" 820
"../../../Engine/Content/EngineMaterials/AntiAliasedTextMaterialTranslucent.uasset" 821
"../../../../Github/SuperMommyDuck_Project/SuperMommyDuck_Unreal/Content/StarterContent/Maps/StarterMap_BuiltData.uasset" 822
"../../../../Github/SuperMommyDuck_Project/SuperMommyDuck_Unreal/Content/StarterContent/Textures/T_Concrete_Poured_N.uasset" 823
"../../../../Github/SuperMommyDuck_Project/SuperMommyDuck_Unreal/Content/StarterContent/Textures/T_Concrete_Poured_D.uasset" 824
"../../../../Github/SuperMommyDuck_Project/SuperMommyDuck_Unreal/Content/StarterContent/Materials/M_Concrete_Poured.uasset" 825
"../../../../Github/SuperMommyDuck_Project/SuperMommyDuck_Unreal/Content/StarterContent/Textures/T_Lamp_N.uasset" 826
"../../../../Github/SuperMommyDuck_Project/SuperMommyDuck_Unreal/Content/StarterContent/Textures/T_Lamp_M.uasset" 827
"../../../../Github/SuperMommyDuck_Project/SuperMommyDuck_Unreal/Content/StarterContent/Props/Materials/M_Lamp.uasset" 828
"../../../../Github/SuperMommyDuck_Project/SuperMommyDuck_Unreal/Content/StarterContent/Props/SM_Lamp_Wall.uasset" 829
"../../../../Github/SuperMommyDuck_Project/SuperMommyDuck_Unreal/Content/StarterContent/Blueprints/Blueprint_WallSconce.uasset" 830
"../../../../Github/SuperMommyDuck_Project/SuperMommyDuck_Unreal/Content/StarterContent/Particles/P_Steam_Lit.uasset" 831
"../../../../Github/SuperMommyDuck_Project/SuperMommyDuck_Unreal/Content/StarterContent/Audio/Steam01_Cue.uasset" 832
"../../../../Github/SuperMommyDuck_Project/SuperMommyDuck_Unreal/Content/StarterContent/Blueprints/Blueprint_Effect_Steam.uasset" 833
"../../../../Github/SuperMommyDuck_Project/SuperMommyDuck_Unreal/Content/StarterContent/Textures/T_Spark_Core.uasset" 834
"../../../../Github/SuperMommyDuck_Project/SuperMommyDuck_Unreal/Content/StarterContent/Particles/Materials/M_Spark.uasset" 835
"../../../../Github/SuperMommyDuck_Project/SuperMommyDuck_Unreal/Content/StarterContent/Particles/Materials/M_Radial_Gradient.uasset" 836
"../../../../Github/SuperMommyDuck_Project/SuperMommyDuck_Unreal/Content/StarterContent/Particles/P_Sparks.uasset" 837
"../../../../Github/SuperMommyDuck_Project/SuperMommyDuck_Unreal/Content/StarterContent/Audio/Fire_Sparks01_Cue.uasset" 838
"../../../../Github/SuperMommyDuck_Project/SuperMommyDuck_Unreal/Content/StarterContent/Blueprints/Blueprint_Effect_Sparks.uasset" 839
"../../../../Github/SuperMommyDuck_Project/SuperMommyDuck_Unreal/Content/StarterContent/Particles/P_Smoke.uasset" 840
"../../../../Github/SuperMommyDuck_Project/SuperMommyDuck_Unreal/Content/StarterContent/Audio/Smoke01_Cue.uasset" 841
"../../../../Github/SuperMommyDuck_Project/SuperMommyDuck_Unreal/Content/StarterContent/Blueprints/Blueprint_Effect_Smoke.uasset" 842
"../../../../Github/SuperMommyDuck_Project/SuperMommyDuck_Unreal/Content/StarterContent/Particles/Materials/M_Heat_Distortion.uasset" 843
"../../../../Github/SuperMommyDuck_Project/SuperMommyDuck_Unreal/Content/StarterContent/Textures/T_Fire_Tiled_D.uasset" 844
"../../../../Github/SuperMommyDuck_Project/SuperMommyDuck_Unreal/Content/StarterContent/Textures/T_Fire_SubUV.uasset" 845
"../../../../Github/SuperMommyDuck_Project/SuperMommyDuck_Unreal/Content/StarterContent/Particles/Materials/M_Fire_SubUV.uasset" 846
"../../../../Github/SuperMommyDuck_Project/SuperMommyDuck_Unreal/Content/StarterContent/Particles/P_Fire.uasset" 847
"../../../../Github/SuperMommyDuck_Project/SuperMommyDuck_Unreal/Content/StarterContent/Audio/Fire01_Cue.uasset" 848
"../../../../Github/SuperMommyDuck_Project/SuperMommyDuck_Unreal/Content/StarterContent/Blueprints/Blueprint_Effect_Fire.uasset" 849
"../../../../Github/SuperMommyDuck_Project/SuperMommyDuck_Unreal/Content/StarterContent/Props/SM_Lamp_Ceiling.uasset" 850
"../../../../Github/SuperMommyDuck_Project/SuperMommyDuck_Unreal/Content/StarterContent/Blueprints/Blueprint_CeilingLight.uasset" 851
"../../../../Github/SuperMommyDuck_Project/SuperMommyDuck_Unreal/Content/StarterContent/Audio/Starter_Music_Cue.uasset" 852
"../../../../Github/SuperMommyDuck_Project/SuperMommyDuck_Unreal/Content/StarterContent/Audio/Collapse_Cue.uasset" 853
"../../../../Github/SuperMommyDuck_Project/SuperMommyDuck_Unreal/Content/StarterContent/Architecture/Wall_Window_400x300.uasset" 854
"../../../../Github/SuperMommyDuck_Project/SuperMommyDuck_Unreal/Content/StarterContent/Architecture/Wall_Door_400x300.uasset" 855
"../../../../Github/SuperMommyDuck_Project/SuperMommyDuck_Unreal/Content/StarterContent/Architecture/Wall_400x200.uasset" 856
"../../../../Github/SuperMommyDuck_Project/SuperMommyDuck_Unreal/Content/StarterContent/Maps/StarterMap.umap" 857
"../../../../Github/SuperMommyDuck_Project/SuperMommyDuck_Unreal/Content/ThirdPersonBP/Maps/ThirdPersonExampleMap_BuiltData.uasset" 858
"../../../../Github/SuperMommyDuck_Project/SuperMommyDuck_Unreal/Content/Mannequin/Character/Mesh/SK_Mannequin_PhysicsAsset.uasset" 859
"../../../../Github/SuperMommyDuck_Project/SuperMommyDuck_Unreal/Content/Mannequin/Character/Mesh/SK_Mannequin.uasset" 860
"../../../../Github/SuperMommyDuck_Project/SuperMommyDuck_Unreal/Content/Mannequin/Animations/ThirdPersonWalk.uasset" 861
"../../../../Github/SuperMommyDuck_Project/SuperMommyDuck_Unreal/Content/Mannequin/Animations/ThirdPersonRun.uasset" 862
"../../../../Github/SuperMommyDuck_Project/SuperMommyDuck_Unreal/Content/Mannequin/Animations/ThirdPersonIdle.uasset" 863
"../../../../Github/SuperMommyDuck_Project/SuperMommyDuck_Unreal/Content/Mannequin/Animations/ThirdPerson_IdleRun_2D.uasset" 864
"../../../../Github/SuperMommyDuck_Project/SuperMommyDuck_Unreal/Content/Mannequin/Animations/ThirdPerson_Jump.uasset" 865
"../../../../Github/SuperMommyDuck_Project/SuperMommyDuck_Unreal/Content/Mannequin/Animations/ThirdPersonJump_Start.uasset" 866
"../../../../Github/SuperMommyDuck_Project/SuperMommyDuck_Unreal/Content/Mannequin/Animations/ThirdPersonJump_Loop.uasset" 867
"../../../../Github/SuperMommyDuck_Project/SuperMommyDuck_Unreal/Content/Mannequin/Animations/ThirdPerson_AnimBP.uasset" 868
"../../../../Github/SuperMommyDuck_Project/SuperMommyDuck_Unreal/Content/ThirdPersonBP/Blueprints/ThirdPersonCharacter.uasset" 869
"../../../../Github/SuperMommyDuck_Project/SuperMommyDuck_Unreal/Content/ThirdPerson/Meshes/RightArm_StaticMesh.uasset" 870
"../../../../Github/SuperMommyDuck_Project/SuperMommyDuck_Unreal/Content/ThirdPerson/Meshes/Ramp_StaticMesh.uasset" 871
"../../../../Github/SuperMommyDuck_Project/SuperMommyDuck_Unreal/Content/ThirdPerson/Meshes/Linear_Stair_StaticMesh.uasset" 872
"../../../../Github/SuperMommyDuck_Project/SuperMommyDuck_Unreal/Content/ThirdPerson/Meshes/LeftArm_StaticMesh.uasset" 873
"../../../../Github/SuperMommyDuck_Project/SuperMommyDuck_Unreal/Content/ThirdPerson/Meshes/Bump_StaticMesh.uasset" 874
"../../../../Github/SuperMommyDuck_Project/SuperMommyDuck_Unreal/Content/Geometry/Meshes/CubeMaterial.uasset" 875
"../../../../Github/SuperMommyDuck_Project/SuperMommyDuck_Unreal/Content/Geometry/Meshes/TemplateFloor.uasset" 876
"../../../../Github/SuperMommyDuck_Project/SuperMommyDuck_Unreal/Content/Geometry/Meshes/1M_Cube_Chamfer.uasset" 877
"../../../../Github/SuperMommyDuck_Project/SuperMommyDuck_Unreal/Content/Geometry/Meshes/1M_Cube.uasset" 878
"../../../../Github/SuperMommyDuck_Project/SuperMommyDuck_Unreal/Content/ThirdPersonBP/Maps/ThirdPersonExampleMap.umap" 879
"../../../Engine/Content/Maps/Entry_BuiltData.uasset" 880
"../../../Engine/Content/Maps/Entry.umap" 881
